[INFO    ] Checking record 00:014E...
[INFO    ]     Interesting...
[INFO    ] Checking record 00:01B5...
[INFO    ] Checking record 00:01C4...
[INFO    ] Checking record 00:02F7...
[INFO    ] Checking record 00:0573...
[INFO    ] Checking record 00:0582...
[INFO    ] Checking record 00:059E...
[INFO    ] Checking record 00:05EE...
[INFO    ] Checking record 00:061B...
[INFO    ] Checking record 00:0643...
[INFO    ] Checking record 00:0668...
[INFO    ] Checking record 00:0681...
[INFO    ] Checking record 00:07E0...
[INFO    ] Checking record 00:0870...
[INFO    ] Checking record 00:0897...
[INFO    ] Checking record 00:08E7...
[INFO    ]     Interesting...
[INFO    ] Checking record 00:08F6...
[INFO    ] Checking record 00:08F9...
[INFO    ] Checking record 00:08FC...
[INFO    ] Checking record 00:08FF...
[INFO    ] Checking record 00:0972...
[INFO    ] Checking record 00:0AC8...
[INFO    ] Checking record 00:0AF8...
[INFO    ] Checking record 00:0AFC...
[INFO    ] Checking record 00:0B30...
[INFO    ] Checking record 00:0B3C...
[INFO    ] Checking record 00:0B41...
[INFO    ] Checking record 00:0B48...
[INFO    ] Checking record 00:0B52...
[INFO    ] Checking record 00:0B59...
[INFO    ] Checking record 00:0B62...
[INFO    ] Checking record 00:0B91...
[INFO    ] Checking record 00:0B9B...
[INFO    ] Checking record 00:0DBA...
[INFO    ] Checking record 00:0E17...
[INFO    ] Checking record 00:0E52...
[INFO    ] Checking record 00:0F27...
[INFO    ] Checking record 00:0FFE...
[INFO    ] Checking record 00:1003...
[INFO    ] Checking record 00:1007...
[INFO    ] Checking record 00:109C...
[INFO    ] Checking record 00:10A9...
[INFO    ] Checking record 00:10F1...
[INFO    ] Checking record 00:1120...
[INFO    ] Checking record 00:118F...
[INFO    ] Checking record 00:1239...
[INFO    ] Checking record 00:1268...
[INFO    ] Checking record 00:128A...
[INFO    ] Checking record 00:135A...
[INFO    ] Checking record 00:137E...
[INFO    ] Checking record 00:13AA...
[INFO    ] Checking record 00:13B9...
[INFO    ] Checking record 00:13E8...
[INFO    ] Checking record 00:13F9...
[INFO    ] Checking record 00:1461...
[INFO    ] Checking record 00:14A4...
[INFO    ] Checking record 00:14BD...
[INFO    ] Checking record 00:1596...
[INFO    ] Checking record 00:15A1...
[INFO    ] Checking record 00:167F...
[INFO    ] Checking record 00:1682...
[INFO    ] Checking record 00:1896...
[INFO    ] Checking record 00:19F5...
[INFO    ] Checking record 00:19FD...
[INFO    ] Checking record 00:1A28...
[INFO    ] Checking record 00:1B03...
[INFO    ] Checking record 00:1B34...
[INFO    ] Checking record 00:1D55...
[INFO    ] Checking record 00:1D7E...
[INFO    ] Checking record 00:1D8D...
[INFO    ] Checking record 00:1D9B...
[INFO    ] Checking record 00:1DA9...
[INFO    ] Checking record 00:1DF4...
[INFO    ] Checking record 00:1E0A...
[INFO    ] Checking record 00:1E40...
[INFO    ] Checking record 00:1E5E...
[INFO    ] Checking record 00:1E8C...
[INFO    ] Checking record 00:1EE8...
[INFO    ] Checking record 00:1FF3...
[INFO    ] Checking record 00:2009...
[INFO    ] Checking record 00:2018...
[INFO    ] Checking record 00:2053...
[INFO    ] Checking record 00:20B4...
[INFO    ] Checking record 00:20BD...
[INFO    ] Checking record 00:20C6...
[INFO    ] Checking record 00:20CE...
[INFO    ] Checking record 00:20D1...
[INFO    ] Checking record 00:20D7...
[INFO    ] Checking record 00:20DA...
[INFO    ] Checking record 00:20EA...
[INFO    ] Checking record 00:20ED...
[INFO    ] Checking record 00:20F8...
[INFO    ] Checking record 00:20FB...
[INFO    ] Checking record 00:20FF...
[INFO    ] Checking record 00:2102...
[INFO    ] Checking record 00:2106...
[INFO    ] Checking record 00:2109...
[INFO    ] Checking record 00:210D...
[INFO    ] Checking record 00:2110...
[INFO    ] Checking record 00:2154...
[INFO    ] Checking record 00:2157...
[INFO    ] Checking record 00:215E...
[INFO    ] Checking record 00:2161...
[INFO    ] Checking record 00:2165...
[INFO    ] Checking record 00:2168...
[INFO    ] Checking record 00:216C...
[INFO    ] Checking record 00:216F...
[INFO    ] Checking record 00:2173...
[INFO    ] Checking record 00:2176...
[INFO    ] Checking record 00:21A8...
[INFO    ] Checking record 00:22A2...
[INFO    ] Checking record 00:22AA...
[INFO    ] Checking record 00:22E4...
[INFO    ] Checking record 00:234E...
[INFO    ] Checking record 00:23D2...
[INFO    ] Checking record 00:2406...
[INFO    ] Checking record 00:241A...
[INFO    ] Checking record 00:2443...
[INFO    ] Checking record 00:2548...
[INFO    ] Checking record 00:2557...
[INFO    ] Checking record 00:25D3...
[INFO    ] Checking record 00:26F5...
[INFO    ] Checking record 00:27A0...
[INFO    ] Checking record 00:27F1...
[INFO    ] Checking record 00:2802...
[INFO    ] Checking record 00:281D...
[INFO    ] Checking record 00:2825...
[INFO    ] Checking record 00:2828...
[INFO    ] Checking record 00:282B...
[INFO    ] Checking record 00:2841...
[INFO    ] Checking record 00:2847...
[INFO    ] Checking record 00:285E...
[INFO    ] Checking record 00:2866...
[INFO    ] Checking record 00:2876...
[INFO    ] Checking record 00:2898...
[INFO    ] Checking record 00:28A0...
[INFO    ] Checking record 00:2916...
[INFO    ] Checking record 00:295B...
[INFO    ] Checking record 00:2C10...
[INFO    ] Checking record 00:2C24...
[INFO    ] Checking record 00:2C4C...
[INFO    ] Checking record 00:2C5E...
[INFO    ] Checking record 00:2C82...
[INFO    ] Checking record 00:2C9C...
[INFO    ] Checking record 00:2CB0...
[INFO    ] Checking record 00:2CBE...
[INFO    ] Checking record 00:2D11...
[INFO    ] Checking record 00:2D43...
[INFO    ] Checking record 00:2D45...
[INFO    ] Checking record 00:2D47...
[INFO    ] Checking record 00:2FD4...
[INFO    ] Checking record 00:2FD7...
[INFO    ] Checking record 00:2FDB...
[INFO    ] Checking record 00:2FDE...
[INFO    ] Checking record 00:2FE2...
[INFO    ] Checking record 00:2FE9...
[INFO    ] Checking record 00:2FEC...
[INFO    ] Checking record 00:3001...
[INFO    ] Checking record 00:304A...
[INFO    ] Checking record 00:3066...
[INFO    ] Checking record 00:3092...
[INFO    ] Checking record 00:309C...
[INFO    ] Checking record 00:30A6...
[INFO    ] Checking record 00:30AB...
[INFO    ] Checking record 00:30B3...
[INFO    ] Checking record 00:30B9...
[INFO    ] Checking record 00:30BE...
[INFO    ] Checking record 00:30C6...
[INFO    ] Checking record 00:30CC...
[INFO    ] Checking record 00:30D1...
[INFO    ] Checking record 00:30D9...
[INFO    ] Checking record 00:30F1...
[INFO    ] Checking record 00:3108...
[INFO    ] Checking record 00:3111...
[INFO    ] Checking record 00:3117...
[INFO    ] Checking record 00:311F...
[INFO    ] Checking record 00:3134...
[INFO    ] Checking record 00:3147...
[INFO    ] Checking record 00:314A...
[INFO    ] Checking record 00:3172...
[INFO    ] Checking record 00:31B7...
[INFO    ] Checking record 00:31CA...
[INFO    ] Checking record 00:31D7...
[INFO    ] Checking record 00:31E7...
[INFO    ] Checking record 00:31FE...
[INFO    ] Checking record 00:3201...
[INFO    ] Checking record 00:3225...
[INFO    ] Checking record 00:322C...
[INFO    ] Checking record 00:3231...
[INFO    ] Checking record 00:3238...
[INFO    ] Checking record 00:323B...
[INFO    ] Checking record 00:324A...
[INFO    ] Checking record 00:3260...
[INFO    ] Checking record 00:3268...
[INFO    ] Checking record 00:326D...
[INFO    ] Checking record 00:3272...
[INFO    ] Checking record 00:3277...
[INFO    ] Checking record 00:327C...
[INFO    ] Checking record 00:3281...
[INFO    ] Checking record 00:3286...
[INFO    ] Checking record 00:328B...
[INFO    ] Checking record 00:3290...
[INFO    ] Checking record 00:3295...
[INFO    ] Checking record 00:329A...
[INFO    ] Checking record 00:32A2...
[INFO    ] Checking record 00:32BD...
[INFO    ] Checking record 00:32CD...
[INFO    ] Checking record 00:32DA...
[INFO    ] Checking record 00:32E3...
[INFO    ] Checking record 00:32EB...
[INFO    ] Checking record 00:32F2...
[INFO    ] Checking record 00:32FA...
[INFO    ] Checking record 00:3300...
[INFO    ] Checking record 00:3309...
[INFO    ] Checking record 00:3312...
[INFO    ] Checking record 00:3327...
[INFO    ] Checking record 00:3347...
[INFO    ] Checking record 00:334E...
[INFO    ] Checking record 00:3364...
[INFO    ] Checking record 00:338A...
[INFO    ] Checking record 00:339B...
[INFO    ] Checking record 00:33A8...
[INFO    ] Checking record 00:33B2...
[INFO    ] Checking record 00:33CA...
[INFO    ] Checking record 00:33D5...
[INFO    ] Checking record 00:33E2...
[INFO    ] Checking record 00:33ED...
[INFO    ] Checking record 00:33FC...
[INFO    ] Checking record 00:3403...
[INFO    ] Checking record 00:340A...
[INFO    ] Checking record 00:342E...
[INFO    ] Checking record 00:3439...
[INFO    ] Checking record 00:3472...
[INFO    ] Checking record 00:347A...
[INFO    ] Checking record 00:347D...
[INFO    ] Checking record 00:3480...
[INFO    ] Checking record 00:3484...
[INFO    ] Checking record 00:3487...
[INFO    ] Checking record 00:348F...
[INFO    ] Checking record 00:3492...
[INFO    ] Checking record 00:3499...
[INFO    ] Checking record 00:34AC...
[INFO    ] Checking record 00:34B4...
[INFO    ] Checking record 00:34C5...
[INFO    ] Checking record 00:34CF...
[INFO    ] Checking record 00:34D6...
[INFO    ] Checking record 00:34D9...
[INFO    ] Checking record 00:34F1...
[INFO    ] Checking record 00:34F6...
[INFO    ] Checking record 00:34FE...
[INFO    ] Checking record 00:3508...
[INFO    ] Checking record 00:3520...
[INFO    ] Checking record 00:3525...
[INFO    ] Checking record 00:352D...
[INFO    ] Checking record 00:3537...
[INFO    ] Checking record 00:353E...
[INFO    ] Checking record 00:3563...
[INFO    ] Checking record 00:356C...
[INFO    ] Checking record 00:356F...
[INFO    ] Checking record 00:3573...
[INFO    ] Checking record 00:3576...
[INFO    ] Checking record 00:357B...
[INFO    ] Checking record 00:35A5...
[INFO    ] Checking record 00:35B4...
[INFO    ] Checking record 00:35B8...
[INFO    ] Checking record 00:35BC...
[INFO    ] Checking record 00:35C4...
[INFO    ] Checking record 00:35C7...
[INFO    ] Checking record 00:35DB...
[INFO    ] Checking record 00:35FA...
[INFO    ] Checking record 00:3613...
[INFO    ] Checking record 00:361B...
[INFO    ] Checking record 00:3622...
[INFO    ] Checking record 00:362A...
[INFO    ] Checking record 00:3630...
[INFO    ] Checking record 00:363B...
[INFO    ] Checking record 00:364A...
[INFO    ] Checking record 00:365A...
[INFO    ] Checking record 00:365D...
[INFO    ] Checking record 00:3671...
[INFO    ] Checking record 00:367E...
[INFO    ] Checking record 00:3689...
[INFO    ] Checking record 00:368F...
[INFO    ] Checking record 00:36A3...
[INFO    ] Checking record 00:36B5...
[INFO    ] Checking record 00:36BC...
[INFO    ] Checking record 00:36D6...
[INFO    ] Checking record 00:36DE...
[INFO    ] Checking record 00:36E4...
[INFO    ] Checking record 00:36FF...
[INFO    ] Checking record 00:3707...
[INFO    ] Checking record 00:3719...
[INFO    ] Checking record 00:3721...
[INFO    ] Checking record 00:372A...
[INFO    ] Checking record 00:3732...
[INFO    ] Checking record 00:3744...
[INFO    ] Checking record 00:374C...
[INFO    ] Checking record 00:375C...
[INFO    ] Checking record 00:3764...
[INFO    ] Checking record 00:3772...
[INFO    ] Checking record 00:377A...
[INFO    ] Checking record 00:377D...
[INFO    ] Checking record 00:3785...
[INFO    ] Checking record 00:379F...
[INFO    ] Checking record 00:37A7...
[INFO    ] Checking record 00:37D5...
[INFO    ] Checking record 00:3805...
[INFO    ] Checking record 00:3838...
[INFO    ] Checking record 00:3870...
[INFO    ] Checking record 00:3878...
[INFO    ] Checking record 00:3884...
[INFO    ] Checking record 00:38C5...
[INFO    ] Checking record 00:3903...
[INFO    ] Checking record 00:390B...
[INFO    ] Checking record 00:3917...
[INFO    ] Checking record 00:392E...
[INFO    ] Checking record 00:393C...
[INFO    ] Checking record 00:3966...
[INFO    ] Checking record 00:3994...
[INFO    ] Checking record 00:3A0A...
[INFO    ] Checking record 00:3A0F...
[INFO    ] Checking record 00:3A19...
[INFO    ] Checking record 00:3A5E...
[INFO    ] Checking record 00:3A86...
[INFO    ] Checking record 00:3A8E...
[INFO    ] Checking record 00:3A91...
[INFO    ] Checking record 00:3A94...
[INFO    ] Checking record 00:3A9B...
[INFO    ] Checking record 00:3AA2...
[INFO    ] Checking record 00:3AA9...
[INFO    ] Checking record 00:3AB8...
[INFO    ] Checking record 00:3ACE...
[INFO    ] Checking record 00:3AF8...
[INFO    ] Checking record 00:3B16...
[INFO    ] Checking record 00:3B19...
[INFO    ] Checking record 00:3B37...
[INFO    ] Checking record 00:3B3F...
[INFO    ] Checking record 00:3B42...
[INFO    ] Checking record 00:3B4C...
[INFO    ] Checking record 00:3B4F...
[INFO    ] Checking record 00:3B55...
[INFO    ] Checking record 00:3B63...
[INFO    ] Checking record 00:3B66...
[INFO    ] Checking record 00:3B9F...
[INFO    ] Checking record 00:3C1F...
[INFO    ] Checking record 00:3C57...
[INFO    ] Checking record 00:3C7D...
[INFO    ] Checking record 01:4157...
[INFO    ] Checking record 01:41DF...
[INFO    ] Checking record 01:41F9...
[INFO    ] Checking record 01:4291...
[INFO    ] Checking record 01:42B9...
[INFO    ] Checking record 01:42C8...
[INFO    ] Checking record 01:4718...
[INFO    ] Checking record 01:49A6...
[INFO    ] Checking record 01:49BB...
[INFO    ] Checking record 01:49CA...
[INFO    ] Checking record 01:49D2...
[INFO    ] Checking record 01:49E1...
[INFO    ] Checking record 01:49F8...
[INFO    ] Checking record 01:4A71...
[INFO    ] Checking record 01:4A8B...
[INFO    ] Checking record 01:4ABE...
[INFO    ] Checking record 01:4AD5...
[INFO    ] Checking record 01:4AEC...
[INFO    ] Checking record 01:4C47...
[INFO    ] Checking record 01:4C94...
[INFO    ] Checking record 01:4CE1...
[INFO    ] Checking record 01:4D2E...
[INFO    ] Checking record 01:4D7B...
[INFO    ] Checking record 01:4DC8...
[INFO    ] Checking record 01:4E15...
[INFO    ] Checking record 01:4E62...
[INFO    ] Checking record 01:4EAF...
[INFO    ] Checking record 01:4EFC...
[INFO    ] Checking record 01:4F49...
[INFO    ] Checking record 01:4FC0...
[INFO    ] Checking record 01:500D...
[INFO    ] Checking record 01:505A...
[INFO    ] Checking record 01:50A7...
[INFO    ] Checking record 01:50F4...
[INFO    ] Checking record 01:5141...
[INFO    ] Checking record 01:518E...
[INFO    ] Checking record 01:51DB...
[INFO    ] Checking record 01:5228...
[INFO    ] Checking record 01:5275...
[INFO    ] Checking record 01:52C2...
[INFO    ] Checking record 01:530F...
[INFO    ] Checking record 01:535C...
[INFO    ] Checking record 01:53A9...
[INFO    ] Checking record 01:53F6...
[INFO    ] Checking record 01:546D...
[INFO    ] Checking record 01:54BA...
[INFO    ] Checking record 01:5507...
[INFO    ] Checking record 01:5554...
[INFO    ] Checking record 01:55A1...
[INFO    ] Checking record 01:55EE...
[INFO    ] Checking record 01:563B...
[INFO    ] Checking record 01:5688...
[INFO    ] Checking record 01:56D5...
[INFO    ] Checking record 01:5722...
[INFO    ] Checking record 01:576F...
[INFO    ] Checking record 01:57BC...
[INFO    ] Checking record 01:5809...
[INFO    ] Checking record 01:5856...
[INFO    ] Checking record 01:58A3...
[INFO    ] Checking record 01:591A...
[INFO    ] Checking record 01:5967...
[INFO    ] Checking record 01:59B4...
[INFO    ] Checking record 01:5A01...
[INFO    ] Checking record 01:5A4E...
[INFO    ] Checking record 01:5A9B...
[INFO    ] Checking record 01:5AE8...
[INFO    ] Checking record 01:5B35...
[INFO    ] Checking record 01:5B82...
[INFO    ] Checking record 01:5BCF...
[INFO    ] Checking record 01:5C1C...
[INFO    ] Checking record 01:5C69...
[INFO    ] Checking record 01:5CB6...
[INFO    ] Checking record 01:5D03...
[INFO    ] Checking record 01:5D50...
[INFO    ] Checking record 01:5DC7...
[INFO    ] Checking record 01:5E14...
[INFO    ] Checking record 01:5E61...
[INFO    ] Checking record 01:5EAE...
[INFO    ] Checking record 01:5EFB...
[INFO    ] Checking record 01:5F48...
[INFO    ] Checking record 01:5F95...
[INFO    ] Checking record 01:5FE2...
[INFO    ] Checking record 01:602F...
[INFO    ] Checking record 01:607C...
[INFO    ] Checking record 01:60C9...
[INFO    ] Checking record 01:6116...
[INFO    ] Checking record 01:6163...
[INFO    ] Checking record 01:61B0...
[INFO    ] Checking record 01:61FD...
[INFO    ] Checking record 01:6274...
[INFO    ] Checking record 01:62C1...
[INFO    ] Checking record 01:630E...
[INFO    ] Checking record 01:635B...
[INFO    ] Checking record 01:63A8...
[INFO    ] Checking record 01:63F5...
[INFO    ] Checking record 01:6442...
[INFO    ] Checking record 01:648F...
[INFO    ] Checking record 01:64DC...
[INFO    ] Checking record 01:6529...
[INFO    ] Checking record 01:6576...
[INFO    ] Checking record 01:65C3...
[INFO    ] Checking record 01:6610...
[INFO    ] Checking record 01:665D...
[INFO    ] Checking record 01:66AA...
[INFO    ] Checking record 01:6721...
[INFO    ] Checking record 01:676E...
[INFO    ] Checking record 01:67BB...
[INFO    ] Checking record 01:680F...
[INFO    ] Checking record 01:6863...
[INFO    ] Checking record 01:68BE...
[INFO    ] Checking record 01:6919...
[INFO    ] Checking record 01:6978...
[INFO    ] Checking record 01:69D3...
[INFO    ] Checking record 01:6A2E...
[INFO    ] Checking record 01:6B9E...
[INFO    ] Checking record 01:6DA6...
[INFO    ] Checking record 01:6DA9...
[INFO    ] Checking record 01:6DAF...
[INFO    ] Checking record 01:6DD6...
[INFO    ] Checking record 01:6DDF...
[INFO    ] Checking record 01:7219...
[INFO    ] Checking record 01:7229...
[INFO    ] Checking record 01:72E7...
[INFO    ] Checking record 01:72F8...
[INFO    ] Checking record 01:72FC...
[INFO    ] Checking record 01:7305...
[INFO    ] Checking record 01:7309...
[INFO    ] Checking record 01:731D...
[INFO    ] Checking record 01:7321...
[INFO    ] Checking record 01:7335...
[INFO    ] Checking record 01:7339...
[INFO    ] Checking record 01:734C...
[INFO    ] Checking record 01:7350...
[INFO    ] Checking record 01:735A...
[INFO    ] Checking record 01:735E...
[INFO    ] Checking record 01:736D...
[INFO    ] Checking record 01:7371...
[INFO    ] Checking record 01:737A...
[INFO    ] Checking record 01:737E...
[INFO    ] Checking record 01:74A9...
[INFO    ] Checking record 01:74AD...
[INFO    ] Checking record 01:74B9...
[INFO    ] Checking record 01:74BD...
[INFO    ] Checking record 01:7547...
[INFO    ] Checking record 01:754B...
[INFO    ] Checking record 01:755B...
[INFO    ] Checking record 01:755F...
[INFO    ] Checking record 01:77A9...
[INFO    ] Checking record 01:784D...
[INFO    ] Checking record 01:786E...
[INFO    ] Checking record 01:7886...
[INFO    ] Checking record 01:78FB...
[INFO    ] Checking record 01:7903...
[INFO    ] Checking record 01:79E0...
[INFO    ] Checking record 01:7A06...
[INFO    ] Checking record 01:7A28...
[INFO    ] Checking record 01:7A75...
[INFO    ] Checking record 01:7A7C...
[INFO    ] Checking record 01:7A87...
[INFO    ] Checking record 01:7A9F...
[INFO    ] Checking record 01:7AB2...
[INFO    ] Checking record 01:7AE4...
[INFO    ] Checking record 01:7B00...
[INFO    ] Checking record 01:7B1A...
[INFO    ] Checking record 01:7B26...
[INFO    ] Checking record 01:7B42...
[INFO    ] Checking record 01:7B86...
[INFO    ] Checking record 01:7B8D...
[INFO    ] Checking record 01:7BA0...
[INFO    ] Checking record 01:7BA7...
[INFO    ] Checking record 01:7BB8...
[INFO    ] Checking record 01:7C0B...
[INFO    ] Checking record 01:7D4E...
[INFO    ] Checking record 01:7D55...
[INFO    ] Checking record 01:7D64...
[INFO    ] Checking record 01:7E15...
[INFO    ] Checking record 01:7E1C...
[INFO    ] Checking record 01:7E3F...
[INFO    ] Checking record 01:7E49...
[INFO    ] Checking record 01:7E52...
[INFO    ] Checking record 01:7E75...
[INFO    ] Checking record 01:7E81...
[INFO    ] Checking record 01:7FCE...
[INFO    ] Checking record 01:7FEF...
[INFO    ] Checking record 02:4394...
[INFO    ] Checking record 02:43B2...
[INFO    ] Checking record 02:44DA...
[INFO    ] Checking record 02:44E8...
[INFO    ] Checking record 02:44EE...
[INFO    ] Checking record 02:4501...
[INFO    ] Checking record 02:4587...
[INFO    ] Checking record 02:483D...
[INFO    ] Checking record 02:48BE...
[INFO    ] Checking record 02:492A...
[INFO    ] Checking record 02:494F...
[INFO    ] Checking record 02:495D...
[INFO    ] Checking record 02:4979...
[INFO    ] Checking record 02:498D...
[INFO    ] Checking record 02:4BAE...
[INFO    ] Checking record 02:4BB3...
[INFO    ] Checking record 02:4C48...
[INFO    ] Checking record 02:4C5F...
[INFO    ] Checking record 02:4C71...
[INFO    ] Checking record 02:4C7F...
[INFO    ] Checking record 02:4C9E...
[INFO    ] Checking record 02:4D18...
[INFO    ] Checking record 02:4D2B...
[INFO    ] Checking record 02:4D41...
[INFO    ] Checking record 02:4D69...
[INFO    ] Checking record 02:4DFB...
[INFO    ] Checking record 02:4E08...
[INFO    ] Checking record 02:4F94...
[INFO    ] Checking record 02:4FDF...
[INFO    ] Checking record 02:4FEA...
[INFO    ] Checking record 02:5039...
[INFO    ] Checking record 02:5044...
[INFO    ] Checking record 03:4018...
[INFO    ] Checking record 03:4139...
[INFO    ] Checking record 03:4154...
[INFO    ] Checking record 03:4563...
[INFO    ] Checking record 03:45B6...
[INFO    ] Checking record 03:45C4...
[INFO    ] Checking record 03:45CB...
[INFO    ] Checking record 03:45D2...
[INFO    ] Checking record 03:45EF...
[INFO    ] Checking record 03:45F9...
[INFO    ] Checking record 03:4600...
[INFO    ] Checking record 03:4797...
[INFO    ] Checking record 03:47AF...
[INFO    ] Checking record 03:47E2...
[INFO    ] Checking record 03:4813...
[INFO    ] Checking record 03:4821...
[INFO    ] Checking record 03:4828...
[INFO    ] Checking record 03:4845...
[INFO    ] Checking record 03:484F...
[INFO    ] Checking record 03:4856...
[INFO    ] Checking record 03:4AA5...
[INFO    ] Checking record 03:4AC0...
[INFO    ] Checking record 03:4B16...
[INFO    ] Checking record 03:4B23...
[INFO    ] Checking record 03:4B79...
[INFO    ] Checking record 03:4B80...
[INFO    ] Checking record 03:4C55...
[INFO    ] Checking record 03:4C5B...
[INFO    ] Checking record 03:4C69...
[INFO    ] Checking record 03:4C85...
[INFO    ] Checking record 03:4CD7...
[INFO    ] Checking record 03:4CE5...
[INFO    ] Checking record 03:4CEC...
[INFO    ] Checking record 03:4D09...
[INFO    ] Checking record 03:4D13...
[INFO    ] Checking record 03:4D1A...
[INFO    ] Checking record 03:4D2A...
[INFO    ] Checking record 03:4D99...
[INFO    ] Checking record 03:4E29...
[INFO    ] Checking record 03:4E39...
[INFO    ] Checking record 03:4E4D...
[INFO    ] Checking record 03:4E56...
[INFO    ] Checking record 03:531D...
[INFO    ] Checking record 03:5338...
[INFO    ] Checking record 03:537A...
[INFO    ] Checking record 03:5390...
[INFO    ] Checking record 03:56CD...
[INFO    ] Checking record 03:56E7...
[INFO    ] Checking record 03:5707...
[INFO    ] Checking record 03:5757...
[INFO    ] Checking record 03:5808...
[INFO    ] Checking record 03:587D...
[INFO    ] Checking record 03:58A7...
[INFO    ] Checking record 03:5945...
[INFO    ] Checking record 03:594C...
[INFO    ] Checking record 03:5956...
[INFO    ] Checking record 03:5960...
[INFO    ] Checking record 03:5A4C...
[INFO    ] Checking record 03:5A58...
[INFO    ] Checking record 03:5ADA...
[INFO    ] Checking record 03:5AE7...
[INFO    ] Checking record 03:5BB9...
[INFO    ] Checking record 03:5BD9...
[INFO    ] Checking record 03:5CD6...
[INFO    ] Checking record 03:5D80...
[INFO    ] Checking record 03:5D9E...
[INFO    ] Checking record 03:5DEE...
[INFO    ] Checking record 03:5E04...
[INFO    ] Checking record 03:5E0F...
[INFO    ] Checking record 03:5E23...
[INFO    ] Checking record 03:5E2F...
[INFO    ] Checking record 03:5E3B...
[INFO    ] Checking record 03:5E58...
[INFO    ] Checking record 03:5E78...
[INFO    ] Checking record 03:5E7F...
[INFO    ] Checking record 03:5E9C...
[INFO    ] Checking record 03:5EC8...
[INFO    ] Checking record 03:5EE1...
[INFO    ] Checking record 03:5EFD...
[INFO    ] Checking record 03:5F17...
[INFO    ] Checking record 03:5F23...
[INFO    ] Checking record 03:5F3B...
[INFO    ] Checking record 03:5FF4...
[INFO    ] Checking record 03:5FFC...
[INFO    ] Checking record 03:6004...
[INFO    ] Checking record 03:600C...
[INFO    ] Checking record 03:6012...
[INFO    ] Checking record 03:605C...
[INFO    ] Checking record 03:6081...
[INFO    ] Checking record 03:6099...
[INFO    ] Checking record 03:60B0...
[INFO    ] Checking record 03:60C0...
[INFO    ] Checking record 03:60F3...
[INFO    ] Checking record 03:60F9...
[INFO    ] Checking record 03:611A...
[INFO    ] Checking record 03:612A...
[INFO    ] Checking record 03:6144...
[INFO    ] Checking record 03:614B...
[INFO    ] Checking record 03:6239...
[INFO    ] Checking record 03:62A5...
[INFO    ] Checking record 03:62AA...
[INFO    ] Checking record 03:62AF...
[INFO    ] Checking record 03:62B4...
[INFO    ] Checking record 03:62C7...
[INFO    ] Checking record 03:62D4...
[INFO    ] Checking record 03:63A4...
[INFO    ] Checking record 03:63CE...
[INFO    ] Checking record 03:63E4...
[INFO    ] Checking record 03:63F8...
[INFO    ] Checking record 03:6404...
[INFO    ] Checking record 03:6439...
[INFO    ] Checking record 03:6653...
[INFO    ] Checking record 03:665A...
[INFO    ] Checking record 03:666A...
[INFO    ] Checking record 03:667C...
[INFO    ] Checking record 03:6697...
[INFO    ] Checking record 03:66A8...
[INFO    ] Checking record 03:66D4...
[INFO    ] Checking record 03:679B...
[INFO    ] Checking record 03:67A8...
[INFO    ] Checking record 03:67D7...
[INFO    ] Checking record 03:67DE...
[INFO    ] Checking record 03:67F3...
[INFO    ] Checking record 03:67FA...
[INFO    ] Checking record 03:680E...
[INFO    ] Checking record 03:6823...
[INFO    ] Checking record 03:682A...
[INFO    ] Checking record 03:683A...
[INFO    ] Checking record 03:6841...
[INFO    ] Checking record 03:6881...
[INFO    ] Checking record 03:6888...
[INFO    ] Checking record 03:68A6...
[INFO    ] Checking record 03:68B1...
[INFO    ] Checking record 03:68C6...
[INFO    ] Checking record 03:68D2...
[INFO    ] Checking record 03:68E7...
[INFO    ] Checking record 03:6918...
[INFO    ] Checking record 03:692E...
[INFO    ] Checking record 03:6966...
[INFO    ] Checking record 03:69D1...
[INFO    ] Checking record 03:69F2...
[INFO    ] Checking record 03:6A0A...
[INFO    ] Checking record 03:6A6D...
[INFO    ] Checking record 03:6A75...
[INFO    ] Checking record 03:6B52...
[INFO    ] Checking record 03:6BC5...
[INFO    ] Checking record 03:6BCC...
[INFO    ] Checking record 03:6BF6...
[INFO    ] Checking record 03:6C03...
[INFO    ] Checking record 03:6C2E...
[INFO    ] Checking record 03:6C3B...
[INFO    ] Checking record 05:4004...
[INFO    ] Checking record 05:4017...
[INFO    ] Checking record 05:402F...
[INFO    ] Checking record 05:4037...
[INFO    ] Checking record 05:4048...
[INFO    ] Checking record 05:4052...
[INFO    ] Checking record 05:4059...
[INFO    ] Checking record 05:4063...
[INFO    ] Checking record 05:406A...
[INFO    ] Checking record 05:4071...
[INFO    ] Checking record 05:40C7...
[INFO    ] Checking record 05:40D3...
[INFO    ] Checking record 05:40F0...
[INFO    ] Checking record 05:4103...
[INFO    ] Checking record 05:4121...
[INFO    ] Checking record 05:4147...
[INFO    ] Checking record 05:4167...
[INFO    ] Checking record 05:418F...
[INFO    ] Checking record 05:41F3...
[INFO    ] Checking record 05:43A2...
[INFO    ] Checking record 05:43D0...
[INFO    ] Checking record 05:43DC...
[INFO    ] Checking record 05:4416...
[INFO    ] Checking record 05:443F...
[INFO    ] Checking record 05:445F...
[INFO    ] Checking record 05:447D...
[INFO    ] Checking record 05:44E5...
[INFO    ] Checking record 05:44EE...
[INFO    ] Checking record 05:4524...
[INFO    ] Checking record 05:452F...
[INFO    ] Checking record 05:4556...
[INFO    ] Checking record 05:458B...
[INFO    ] Checking record 05:4596...
[INFO    ] Checking record 05:45B4...
[INFO    ] Checking record 05:45D4...
[INFO    ] Checking record 05:47D7...
[INFO    ] Checking record 05:4804...
[INFO    ] Checking record 05:481A...
[INFO    ] Checking record 05:4841...
[INFO    ] Checking record 05:4848...
[INFO    ] Checking record 05:484F...
[INFO    ] Checking record 05:485F...
[INFO    ] Checking record 05:4872...
[INFO    ] Checking record 05:4880...
[INFO    ] Checking record 05:4887...
[INFO    ] Checking record 05:488E...
[INFO    ] Checking record 05:48C4...
[INFO    ] Checking record 05:48CE...
[INFO    ] Checking record 05:48D5...
[INFO    ] Checking record 05:48DC...
[INFO    ] Checking record 05:4929...
[INFO    ] Checking record 05:4931...
[INFO    ] Checking record 05:493B...
[INFO    ] Checking record 05:4946...
[INFO    ] Checking record 05:495A...
[INFO    ] Checking record 05:4965...
[INFO    ] Checking record 05:496F...
[INFO    ] Checking record 05:497A...
[INFO    ] Checking record 05:4C91...
[INFO    ] Checking record 05:4CA4...
[INFO    ] Checking record 05:4D00...
[INFO    ] Checking record 05:4D19...
[INFO    ] Checking record 05:4D31...
[INFO    ] Checking record 05:4D8D...
[INFO    ] Checking record 05:4D9E...
[INFO    ] Checking record 05:5001...
[INFO    ] Checking record 05:5010...
[INFO    ] Checking record 05:5034...
[INFO    ] Checking record 05:503B...
[INFO    ] Checking record 05:5049...
[INFO    ] Checking record 05:5050...
[INFO    ] Checking record 05:505E...
[INFO    ] Checking record 05:5065...
[INFO    ] Checking record 05:5073...
[INFO    ] Checking record 05:507A...
[INFO    ] Checking record 05:508D...
[INFO    ] Checking record 05:50AE...
[INFO    ] Checking record 05:50C2...
[INFO    ] Checking record 05:50D0...
[INFO    ] Checking record 05:50D7...
[INFO    ] Checking record 05:50DE...
[INFO    ] Checking record 05:5118...
[INFO    ] Checking record 05:5126...
[INFO    ] Checking record 05:5131...
[INFO    ] Checking record 05:513F...
[INFO    ] Checking record 05:5146...
[INFO    ] Checking record 05:5158...
[INFO    ] Checking record 05:5167...
[INFO    ] Checking record 05:5192...
[INFO    ] Checking record 05:51CC...
[INFO    ] Checking record 05:51DD...
[INFO    ] Checking record 05:51F1...
[INFO    ] Checking record 05:51F8...
[INFO    ] Checking record 05:5211...
[INFO    ] Checking record 05:521B...
[INFO    ] Checking record 05:5222...
[INFO    ] Checking record 05:5232...
[INFO    ] Checking record 05:5245...
[INFO    ] Checking record 05:5253...
[INFO    ] Checking record 05:525A...
[INFO    ] Checking record 05:5261...
[INFO    ] Checking record 05:5297...
[INFO    ] Checking record 05:52A1...
[INFO    ] Checking record 05:52A8...
[INFO    ] Checking record 05:52AF...
[INFO    ] Checking record 05:5618...
[INFO    ] Checking record 05:56B9...
[INFO    ] Checking record 05:570D...
[INFO    ] Checking record 05:571A...
[INFO    ] Checking record 05:5721...
[INFO    ] Checking record 05:5728...
[INFO    ] Checking record 05:576F...
[INFO    ] Checking record 05:5780...
[INFO    ] Checking record 05:578C...
[INFO    ] Checking record 05:5796...
[INFO    ] Checking record 05:579D...
[INFO    ] Checking record 05:57A7...
[INFO    ] Checking record 05:5896...
[INFO    ] Checking record 05:58AC...
[INFO    ] Checking record 05:58C2...
[INFO    ] Checking record 05:58D8...
[INFO    ] Checking record 05:5A0E...
[INFO    ] Checking record 05:5A15...
[INFO    ] Checking record 05:5A1C...
[INFO    ] Checking record 05:5DCB...
[INFO    ] Checking record 05:5E27...
[INFO    ] Checking record 05:5E5A...
[INFO    ] Checking record 05:5E7A...
[INFO    ] Checking record 05:5E8B...
[INFO    ] Checking record 05:5EBE...
[INFO    ] Checking record 05:5EEB...
[INFO    ] Checking record 05:5F57...
[INFO    ] Checking record 05:5F78...
[INFO    ] Checking record 05:5FAD...
[INFO    ] Checking record 05:5FB4...
[INFO    ] Checking record 05:5FCD...
[INFO    ] Checking record 05:6004...
[INFO    ] Checking record 05:6010...
[INFO    ] Checking record 05:608E...
[INFO    ] Checking record 05:60A3...
[INFO    ] Checking record 05:60B6...
[INFO    ] Checking record 05:60C4...
[INFO    ] Checking record 05:60CB...
[INFO    ] Checking record 05:60D2...
[INFO    ] Checking record 05:6108...
[INFO    ] Checking record 05:6112...
[INFO    ] Checking record 05:6119...
[INFO    ] Checking record 05:6120...
[INFO    ] Checking record 05:6268...
[INFO    ] Checking record 05:62BC...
[INFO    ] Checking record 05:62D1...
[INFO    ] Checking record 05:62EF...
[INFO    ] Checking record 05:62F6...
[INFO    ] Checking record 05:62FC...
[INFO    ] Checking record 05:6303...
[INFO    ] Checking record 05:6312...
[INFO    ] Checking record 05:632B...
[INFO    ] Checking record 05:634C...
[INFO    ] Checking record 05:6376...
[INFO    ] Checking record 05:6384...
[INFO    ] Checking record 05:640A...
[INFO    ] Checking record 05:6411...
[INFO    ] Checking record 05:642A...
[INFO    ] Checking record 05:6433...
[INFO    ] Checking record 05:64E7...
[INFO    ] Checking record 05:6540...
[INFO    ] Checking record 05:6553...
[INFO    ] Checking record 05:6561...
[INFO    ] Checking record 05:6568...
[INFO    ] Checking record 05:656F...
[INFO    ] Checking record 05:65A5...
[INFO    ] Checking record 05:65AF...
[INFO    ] Checking record 05:65B6...
[INFO    ] Checking record 05:65BD...
[INFO    ] Checking record 05:66B8...
[INFO    ] Checking record 05:6704...
[INFO    ] Checking record 05:673D...
[INFO    ] Checking record 05:67B2...
[INFO    ] Checking record 05:67ED...
[INFO    ] Checking record 05:6814...
[INFO    ] Checking record 05:681B...
[INFO    ] Checking record 05:6822...
[INFO    ] Checking record 05:68F4...
[INFO    ] Checking record 05:6907...
[INFO    ] Checking record 05:6915...
[INFO    ] Checking record 05:691C...
[INFO    ] Checking record 05:6923...
[INFO    ] Checking record 05:6959...
[INFO    ] Checking record 05:6963...
[INFO    ] Checking record 05:696A...
[INFO    ] Checking record 05:6971...
[INFO    ] Checking record 05:69A6...
[INFO    ] Checking record 05:6A07...
[INFO    ] Checking record 05:6BC5...
[INFO    ] Checking record 05:6C05...
[INFO    ] Checking record 05:6C45...
[INFO    ] Checking record 05:6C7B...
[INFO    ] Checking record 05:6CDE...
[INFO    ] Checking record 05:6CE7...
[INFO    ] Checking record 05:6CFE...
[INFO    ] Checking record 05:6D1E...
[INFO    ] Checking record 05:6D42...
[INFO    ] Checking record 05:6D4F...
[INFO    ] Checking record 05:6D99...
[INFO    ] Checking record 05:6DA2...
[INFO    ] Checking record 05:6DBB...
[INFO    ] Checking record 05:6DDE...
[INFO    ] Checking record 05:6DE5...
[INFO    ] Checking record 05:6DEE...
[INFO    ] Checking record 05:6E1E...
[INFO    ] Checking record 05:6E28...
[INFO    ] Checking record 05:6E38...
[INFO    ] Checking record 05:6E4C...
[INFO    ] Checking record 05:6E68...
[INFO    ] Checking record 05:6E93...
[INFO    ] Checking record 05:6EA9...
[INFO    ] Checking record 05:6EAF...
[INFO    ] Checking record 05:6EB4...
[INFO    ] Checking record 05:6EC8...
[INFO    ] Checking record 05:6ED1...
[INFO    ] Checking record 05:6F57...
[INFO    ] Checking record 05:6FA9...
[INFO    ] Checking record 05:6FF6...
[INFO    ] Checking record 05:7005...
[INFO    ] Checking record 05:700B...
[INFO    ] Checking record 05:701E...
[INFO    ] Checking record 05:7047...
[INFO    ] Checking record 05:7053...
[INFO    ] Checking record 05:7058...
[INFO    ] Checking record 05:7073...
[INFO    ] Checking record 05:7256...
[INFO    ] Checking record 05:7269...
[INFO    ] Checking record 05:7277...
[INFO    ] Checking record 05:727E...
[INFO    ] Checking record 05:7285...
[INFO    ] Checking record 05:72BB...
[INFO    ] Checking record 05:72C5...
[INFO    ] Checking record 05:72CC...
[INFO    ] Checking record 05:72D3...
[INFO    ] Checking record 05:746D...
[INFO    ] Checking record 05:74C9...
[INFO    ] Checking record 05:74D5...
[INFO    ] Checking record 05:74E2...
[INFO    ] Checking record 05:74E9...
[INFO    ] Checking record 05:74F0...
[INFO    ] Checking record 05:74F7...
[INFO    ] Checking record 05:7504...
[INFO    ] Checking record 05:7510...
[INFO    ] Checking record 05:7545...
[INFO    ] Checking record 05:7642...
[INFO    ] Checking record 05:7650...
[INFO    ] Checking record 05:7672...
[INFO    ] Checking record 05:7680...
[INFO    ] Checking record 05:76FA...
[INFO    ] Checking record 05:772F...
[INFO    ] Checking record 05:773B...
[INFO    ] Checking record 05:7741...
[INFO    ] Checking record 05:774D...
[INFO    ] Checking record 05:7793...
[INFO    ] Checking record 05:77B3...
[INFO    ] Checking record 05:77C8...
[INFO    ] Checking record 05:77DD...
[INFO    ] Checking record 05:783B...
[INFO    ] Checking record 05:7853...
[INFO    ] Checking record 05:789B...
[INFO    ] Checking record 05:78B2...
[INFO    ] Checking record 05:78D0...
[INFO    ] Checking record 05:78D8...
[INFO    ] Checking record 05:7963...
[INFO    ] Checking record 05:796C...
[INFO    ] Checking record 05:797C...
[INFO    ] Checking record 05:79C4...
[INFO    ] Checking record 05:79DB...
[INFO    ] Checking record 05:79DE...
[INFO    ] Checking record 05:79EA...
[INFO    ] Checking record 05:7A03...
[INFO    ] Checking record 05:7A35...
[INFO    ] Checking record 05:7A6B...
[INFO    ] Checking record 05:7A97...
[INFO    ] Checking record 05:7AAA...
[INFO    ] Checking record 05:7AB8...
[INFO    ] Checking record 05:7ABF...
[INFO    ] Checking record 05:7AC6...
[INFO    ] Checking record 05:7AFC...
[INFO    ] Checking record 05:7B06...
[INFO    ] Checking record 05:7B0D...
[INFO    ] Checking record 05:7B14...
[INFO    ] Checking record 05:7B58...
[INFO    ] Checking record 05:7B63...
[INFO    ] Checking record 05:7B6C...
[INFO    ] Checking record 05:7B76...
[INFO    ] Checking record 05:7B83...
[INFO    ] Checking record 37:73A2...
[INFO    ]     Interesting...
[INFO    ] Checking record 37:73AA...
[INFO    ]     Interesting...
[INFO    ] Checking record 37:73C3...
[INFO    ]     Interesting...
[INFO    ] Checking record 37:73CB...
[INFO    ]     Interesting...
[INFO    ] Checking record 3B:4DAA...
[INFO    ]     Interesting...
[INFO    ] ------------------------------------------------------------------------
[INFO    ] filtered/unfiltered 7/1011
[INFO    ] Difference   at A 00:014E -  2 -- B: 00:014E -  2
[INFO    ] Insertion    at A 00:08E7 - 100 -- B: 00:08E7 - 100
[INFO    ] Difference   at A 00:08E7 -  2 -- B: 00:08E7 - 100
[INFO    ] Deletion     at A 00:3C86 -  2 -- B: 00:3CE8 -  2
[INFO    ] Deletion     at A 00:3FA0 - 96 -- B: 01:4000 - 96
[INFO    ] Difference   at A 37:73A2 -  1 -- B: 37:73A2 -  1
[INFO    ] Difference   at A 37:73AA -  1 -- B: 37:73AA -  1
[INFO    ] Difference   at A 37:73C3 -  1 -- B: 37:73C3 -  1
[INFO    ] Difference   at A 37:73CB -  1 -- B: 37:73CB -  1
[INFO    ] Difference   at A 3B:4DAA -  1 -- B: 3B:4DAA -  1
[INFO    ] ------------------------------------------------------------------------
