[INFO    ] Checking record 00:0041...
[INFO    ] Checking record 00:0049...
[INFO    ] Checking record 00:0140...
[INFO    ]     Interesting...
[INFO    ] Checking record 00:0148...
[INFO    ]     Interesting...
[INFO    ] Checking record 00:014D...
[INFO    ]     Interesting...
[INFO    ] Checking record 00:0157...
[INFO    ] Checking record 00:016E...
[INFO    ]     Interesting...
[INFO    ] Checking record 00:0179...
[INFO    ] Checking record 00:0185...
[INFO    ] Checking record 00:018B...
[INFO    ] Checking record 00:018E...
[INFO    ] Checking record 00:0191...
[INFO    ] Checking record 00:0194...
[INFO    ] Checking record 00:01B1...
[INFO    ] Checking record 00:01ED...
[INFO    ] Checking record 00:0210...
[INFO    ] Checking record 00:0213...
[INFO    ] Checking record 00:0223...
[INFO    ] Checking record 00:0226...
[INFO    ] Checking record 00:0229...
[INFO    ] Checking record 00:022C...
[INFO    ] Checking record 00:022F...
[INFO    ] Checking record 00:0232...
[INFO    ] Checking record 00:0235...
[INFO    ] Checking record 00:023E...
[INFO    ] Checking record 00:0248...
[INFO    ] Checking record 00:0253...
[INFO    ] Checking record 00:0255...
[INFO    ] Checking record 00:0257...
[INFO    ] Checking record 00:0259...
[INFO    ] Checking record 00:025B...
[INFO    ] Checking record 00:025D...
[INFO    ] Checking record 00:025F...
[INFO    ] Checking record 00:0261...
[INFO    ] Checking record 00:0263...
[INFO    ] Checking record 00:0265...
[INFO    ] Checking record 00:0267...
[INFO    ] Checking record 00:0269...
[INFO    ] Checking record 00:026B...
[INFO    ] Checking record 00:026D...
[INFO    ] Checking record 00:026F...
[INFO    ] Checking record 00:0271...
[INFO    ] Checking record 00:0276...
[INFO    ] Checking record 00:027E...
[INFO    ] Checking record 00:0286...
[INFO    ] Checking record 00:028E...
[INFO    ] Checking record 00:0291...
[INFO    ] Checking record 00:0296...
[INFO    ] Checking record 00:029E...
[INFO    ] Checking record 00:02A1...
[INFO    ] Checking record 00:02A6...
[INFO    ] Checking record 00:02A9...
[INFO    ] Checking record 00:02AE...
[INFO    ] Checking record 00:02B6...
[INFO    ] Checking record 00:02BE...
[INFO    ] Checking record 00:02C6...
[INFO    ] Checking record 00:02CE...
[INFO    ] Checking record 00:02D6...
[INFO    ] Checking record 00:02DE...
[INFO    ] Checking record 00:02E6...
[INFO    ] Checking record 00:02EE...
[INFO    ] Checking record 00:035A...
[INFO    ] Checking record 00:03BF...
[INFO    ] Checking record 00:03C2...
[INFO    ] Checking record 00:03C5...
[INFO    ] Checking record 00:03C8...
[INFO    ] Checking record 00:04D9...
[INFO    ] Checking record 00:04F7...
[INFO    ] Checking record 00:0504...
[INFO    ] Checking record 00:051A...
[INFO    ] Checking record 00:053E...
[INFO    ] Checking record 00:056A...
[INFO    ] Checking record 00:058D...
[INFO    ] Checking record 00:059E...
[INFO    ] Checking record 00:05B8...
[INFO    ] Checking record 00:05DD...
[INFO    ] Checking record 00:0618...
[INFO    ] Checking record 00:0774...
[INFO    ] Checking record 00:07DF...
[INFO    ] Checking record 00:07E5...
[INFO    ] Checking record 00:07EB...
[INFO    ] Checking record 00:07F0...
[INFO    ] Checking record 00:086A...
[INFO    ] Checking record 00:0889...
[INFO    ] Checking record 00:08F6...
[INFO    ]     Interesting...
[INFO    ] Checking record 00:08FA...
[INFO    ]     Interesting...
[INFO    ] Checking record 00:0953...
[INFO    ] Checking record 00:0956...
[INFO    ] Checking record 00:0968...
[INFO    ] Checking record 00:096B...
[INFO    ] Checking record 00:096E...
[INFO    ] Checking record 00:0971...
[INFO    ] Checking record 00:0975...
[INFO    ] Checking record 00:0978...
[INFO    ] Checking record 00:09C3...
[INFO    ] Checking record 00:0A15...
[INFO    ] Checking record 00:0AA1...
[INFO    ] Checking record 00:0AD1...
[INFO    ] Checking record 00:0B56...
[INFO    ] Checking record 00:0B5A...
[INFO    ] Checking record 00:0B60...
[INFO    ] Checking record 00:0B64...
[INFO    ] Checking record 00:0B73...
[INFO    ] Checking record 00:0B77...
[INFO    ] Checking record 00:0F30...
[INFO    ] Checking record 00:0F34...
[INFO    ] Checking record 00:0F36...
[INFO    ] Checking record 00:0F38...
[INFO    ] Checking record 00:0F3A...
[INFO    ] Checking record 00:0F3C...
[INFO    ] Checking record 00:0F3E...
[INFO    ] Checking record 00:0F40...
[INFO    ] Checking record 00:0F42...
[INFO    ] Checking record 00:0F44...
[INFO    ] Checking record 00:0F47...
[INFO    ] Checking record 00:0F4D...
[INFO    ] Checking record 00:0F50...
[INFO    ] Checking record 00:0F53...
[INFO    ] Checking record 00:0F61...
[INFO    ] Checking record 00:0F9B...
[INFO    ] Checking record 00:0FB4...
[INFO    ] Checking record 00:0FC2...
[INFO    ] Checking record 00:0FCC...
[INFO    ] Checking record 00:0FCF...
[INFO    ] Checking record 00:0FD6...
[INFO    ] Checking record 00:0FDD...
[INFO    ] Checking record 00:0FEB...
[INFO    ] Checking record 00:0FFB...
[INFO    ] Checking record 00:1002...
[INFO    ] Checking record 00:100F...
[INFO    ] Checking record 00:101C...
[INFO    ] Checking record 00:1039...
[INFO    ] Checking record 00:103C...
[INFO    ] Checking record 00:104E...
[INFO    ] Checking record 00:1054...
[INFO    ] Checking record 00:105B...
[INFO    ] Checking record 00:108D...
[INFO    ] Checking record 00:1090...
[INFO    ] Checking record 00:1097...
[INFO    ] Checking record 00:10A4...
[INFO    ] Checking record 00:10A9...
[INFO    ] Checking record 00:10B7...
[INFO    ] Checking record 00:10C4...
[INFO    ] Checking record 00:10D3...
[INFO    ] Checking record 00:1102...
[INFO    ] Checking record 00:110C...
[INFO    ] Checking record 00:110F...
[INFO    ] Checking record 00:1121...
[INFO    ] Checking record 00:112B...
[INFO    ] Checking record 00:1140...
[INFO    ] Checking record 00:114C...
[INFO    ] Checking record 00:1154...
[INFO    ] Checking record 00:1158...
[INFO    ] Checking record 00:1165...
[INFO    ] Checking record 00:1184...
[INFO    ] Checking record 00:1187...
[INFO    ] Checking record 00:1190...
[INFO    ] Checking record 00:1193...
[INFO    ] Checking record 00:11AB...
[INFO    ]     Interesting...
[INFO    ] Checking record 00:1232...
[INFO    ] Checking record 00:1237...
[INFO    ] Checking record 00:1251...
[INFO    ] Checking record 00:1257...
[INFO    ] Checking record 00:125E...
[INFO    ] Checking record 00:1262...
[INFO    ] Checking record 00:1265...
[INFO    ] Checking record 00:1287...
[INFO    ] Checking record 00:12A5...
[INFO    ] Checking record 00:12B5...
[INFO    ] Checking record 00:12CE...
[INFO    ] Checking record 00:12E7...
[INFO    ] Checking record 00:12EB...
[INFO    ] Checking record 00:12EE...
[INFO    ] Checking record 00:12FB...
[INFO    ] Checking record 00:1300...
[INFO    ] Checking record 00:1316...
[INFO    ] Checking record 00:1338...
[INFO    ] Checking record 00:133B...
[INFO    ] Checking record 00:1344...
[INFO    ] Checking record 00:1347...
[INFO    ] Checking record 00:1366...
[INFO    ] Checking record 00:1376...
[INFO    ] Checking record 00:1386...
[INFO    ] Checking record 00:1399...
[INFO    ] Checking record 00:13A9...
[INFO    ] Checking record 00:13B5...
[INFO    ] Checking record 00:13C9...
[INFO    ] Checking record 00:13D8...
[INFO    ] Checking record 00:13EF...
[INFO    ] Checking record 00:1400...
[INFO    ] Checking record 00:1412...
[INFO    ]     Interesting...
[INFO    ] Checking record 00:1471...
[INFO    ] Checking record 00:148B...
[INFO    ]     Interesting...
[INFO    ] Checking record 00:151D...
[INFO    ] Checking record 00:1520...
[INFO    ] Checking record 00:1523...
[INFO    ] Checking record 00:1526...
[INFO    ] Checking record 00:152F...
[INFO    ] Checking record 00:1532...
[INFO    ] Checking record 00:1537...
[INFO    ] Checking record 00:15FF...
[INFO    ] Checking record 00:1610...
[INFO    ] Checking record 00:1630...
[INFO    ] Checking record 00:163F...
[INFO    ] Checking record 00:1660...
[INFO    ] Checking record 00:1675...
[INFO    ] Checking record 00:1912...
[INFO    ] Checking record 00:1918...
[INFO    ] Checking record 00:191C...
[INFO    ] Checking record 00:191F...
[INFO    ] Checking record 00:1922...
[INFO    ] Checking record 00:1925...
[INFO    ] Checking record 00:1927...
[INFO    ] Checking record 00:1929...
[INFO    ] Checking record 00:192B...
[INFO    ] Checking record 00:192D...
[INFO    ] Checking record 00:192F...
[INFO    ] Checking record 00:1931...
[INFO    ] Checking record 00:1933...
[INFO    ] Checking record 00:1935...
[INFO    ] Checking record 00:1937...
[INFO    ] Checking record 00:1939...
[INFO    ] Checking record 00:193B...
[INFO    ] Checking record 00:193D...
[INFO    ] Checking record 00:193F...
[INFO    ] Checking record 00:1941...
[INFO    ] Checking record 00:19AA...
[INFO    ] Checking record 00:19AE...
[INFO    ] Checking record 00:19CF...
[INFO    ] Checking record 00:19E8...
[INFO    ] Checking record 00:19EB...
[INFO    ] Checking record 00:19EE...
[INFO    ] Checking record 00:19F1...
[INFO    ] Checking record 00:19F4...
[INFO    ] Checking record 00:19F7...
[INFO    ] Checking record 00:19FA...
[INFO    ] Checking record 00:1A12...
[INFO    ] Checking record 00:1A18...
[INFO    ] Checking record 00:1A1B...
[INFO    ] Checking record 00:1A30...
[INFO    ] Checking record 00:1A40...
[INFO    ] Checking record 00:1A5B...
[INFO    ] Checking record 00:1A6E...
[INFO    ] Checking record 00:1A7B...
[INFO    ] Checking record 00:1A80...
[INFO    ] Checking record 00:1A83...
[INFO    ] Checking record 00:1A86...
[INFO    ] Checking record 00:1A98...
[INFO    ] Checking record 00:1AEB...
[INFO    ] Checking record 00:1AF0...
[INFO    ] Checking record 00:1AF3...
[INFO    ] Checking record 00:1AF6...
[INFO    ] Checking record 00:1B1D...
[INFO    ] Checking record 00:1B20...
[INFO    ] Checking record 00:1B25...
[INFO    ] Checking record 00:1B34...
[INFO    ] Checking record 00:1B39...
[INFO    ] Checking record 00:1B3D...
[INFO    ] Checking record 00:1B40...
[INFO    ] Checking record 00:1B85...
[INFO    ] Checking record 00:1B8C...
[INFO    ] Checking record 00:1BAA...
[INFO    ] Checking record 00:1BD6...
[INFO    ] Checking record 00:1BE9...
[INFO    ] Checking record 00:1BEC...
[INFO    ] Checking record 00:1BFE...
[INFO    ] Checking record 00:1C01...
[INFO    ] Checking record 00:1C05...
[INFO    ] Checking record 00:1C0C...
[INFO    ] Checking record 00:1C17...
[INFO    ] Checking record 00:1C20...
[INFO    ] Checking record 00:1C25...
[INFO    ] Checking record 00:1C39...
[INFO    ] Checking record 00:1C46...
[INFO    ] Checking record 00:1C49...
[INFO    ] Checking record 00:1C4C...
[INFO    ] Checking record 00:1C4F...
[INFO    ] Checking record 00:1C53...
[INFO    ] Checking record 00:1C65...
[INFO    ] Checking record 00:1C6F...
[INFO    ] Checking record 00:1C79...
[INFO    ] Checking record 00:1CAE...
[INFO    ] Checking record 00:1CCE...
[INFO    ] Checking record 00:1D93...
[INFO    ] Checking record 00:1D96...
[INFO    ] Checking record 00:1D99...
[INFO    ] Checking record 00:1DA0...
[INFO    ] Checking record 00:1DA3...
[INFO    ] Checking record 00:1E63...
[INFO    ] Checking record 00:1E7C...
[INFO    ] Checking record 00:1E86...
[INFO    ] Checking record 00:1ECB...
[INFO    ] Checking record 00:1EE8...
[INFO    ] Checking record 00:1EFA...
[INFO    ] Checking record 00:1F28...
[INFO    ] Checking record 00:1F3D...
[INFO    ] Checking record 00:1F64...
[INFO    ] Checking record 00:1FD0...
[INFO    ] Checking record 00:1FE5...
[INFO    ] Checking record 00:1FE8...
[INFO    ] Checking record 00:1FEB...
[INFO    ] Checking record 00:1FFE...
[INFO    ] Checking record 00:2033...
[INFO    ] Checking record 00:2036...
[INFO    ] Checking record 00:2076...
[INFO    ] Checking record 00:2080...
[INFO    ] Checking record 00:20A8...
[INFO    ] Checking record 00:20DF...
[INFO    ] Checking record 00:2104...
[INFO    ] Checking record 00:211D...
[INFO    ] Checking record 00:213D...
[INFO    ] Checking record 00:21B3...
[INFO    ] Checking record 00:21BD...
[INFO    ] Checking record 00:21DB...
[INFO    ] Checking record 00:21EC...
[INFO    ] Checking record 00:224C...
[INFO    ] Checking record 00:2256...
[INFO    ] Checking record 00:2263...
[INFO    ] Checking record 00:226D...
[INFO    ] Checking record 00:229C...
[INFO    ] Checking record 00:229F...
[INFO    ] Checking record 00:22A2...
[INFO    ] Checking record 00:22B8...
[INFO    ] Checking record 00:22C2...
[INFO    ] Checking record 00:22D5...
[INFO    ] Checking record 00:22E2...
[INFO    ] Checking record 00:22EF...
[INFO    ] Checking record 00:22FC...
[INFO    ] Checking record 00:2309...
[INFO    ] Checking record 00:231C...
[INFO    ] Checking record 00:2334...
[INFO    ] Checking record 00:234F...
[INFO    ] Checking record 00:2360...
[INFO    ] Checking record 00:2379...
[INFO    ] Checking record 00:239F...
[INFO    ] Checking record 00:23A5...
[INFO    ] Checking record 00:23BB...
[INFO    ] Checking record 00:23C2...
[INFO    ] Checking record 00:23E8...
[INFO    ] Checking record 00:23F7...
[INFO    ] Checking record 00:23F9...
[INFO    ] Checking record 00:23FB...
[INFO    ] Checking record 00:23FD...
[INFO    ] Checking record 00:23FF...
[INFO    ] Checking record 00:2401...
[INFO    ] Checking record 00:2457...
[INFO    ] Checking record 00:2463...
[INFO    ] Checking record 00:249C...
[INFO    ] Checking record 00:24D7...
[INFO    ] Checking record 00:24DA...
[INFO    ] Checking record 00:24DD...
[INFO    ] Checking record 00:24F6...
[INFO    ] Checking record 00:2510...
[INFO    ] Checking record 00:2513...
[INFO    ] Checking record 00:2516...
[INFO    ] Checking record 00:2519...
[INFO    ] Checking record 00:2580...
[INFO    ] Checking record 00:25C9...
[INFO    ] Checking record 00:26F3...
[INFO    ] Checking record 00:26F8...
[INFO    ] Checking record 00:26FD...
[INFO    ] Checking record 00:2702...
[INFO    ] Checking record 00:2707...
[INFO    ] Checking record 00:270C...
[INFO    ] Checking record 00:2711...
[INFO    ] Checking record 00:2716...
[INFO    ] Checking record 00:271B...
[INFO    ] Checking record 00:2720...
[INFO    ] Checking record 00:2725...
[INFO    ] Checking record 00:272A...
[INFO    ] Checking record 00:272F...
[INFO    ] Checking record 00:2734...
[INFO    ] Checking record 00:2739...
[INFO    ] Checking record 00:273E...
[INFO    ] Checking record 00:2743...
[INFO    ] Checking record 00:2748...
[INFO    ] Checking record 00:274D...
[INFO    ] Checking record 00:2752...
[INFO    ] Checking record 00:2754...
[INFO    ] Checking record 00:2756...
[INFO    ] Checking record 00:2758...
[INFO    ] Checking record 00:275A...
[INFO    ] Checking record 00:275C...
[INFO    ] Checking record 00:275E...
[INFO    ] Checking record 00:2760...
[INFO    ] Checking record 00:2762...
[INFO    ] Checking record 00:2764...
[INFO    ] Checking record 00:2766...
[INFO    ] Checking record 00:2768...
[INFO    ] Checking record 00:276A...
[INFO    ] Checking record 00:276C...
[INFO    ] Checking record 00:276E...
[INFO    ] Checking record 00:2770...
[INFO    ] Checking record 00:2772...
[INFO    ] Checking record 00:2774...
[INFO    ] Checking record 00:2776...
[INFO    ] Checking record 00:2778...
[INFO    ] Checking record 00:277A...
[INFO    ] Checking record 00:277C...
[INFO    ] Checking record 00:277E...
[INFO    ] Checking record 00:2780...
[INFO    ] Checking record 00:2782...
[INFO    ] Checking record 00:2784...
[INFO    ] Checking record 00:2786...
[INFO    ] Checking record 00:2788...
[INFO    ] Checking record 00:278A...
[INFO    ] Checking record 00:278C...
[INFO    ] Checking record 00:278E...
[INFO    ] Checking record 00:2790...
[INFO    ] Checking record 00:2792...
[INFO    ] Checking record 00:2794...
[INFO    ] Checking record 00:2796...
[INFO    ] Checking record 00:2798...
[INFO    ] Checking record 00:279A...
[INFO    ] Checking record 00:279C...
[INFO    ] Checking record 00:279E...
[INFO    ] Checking record 00:27A0...
[INFO    ] Checking record 00:27A2...
[INFO    ] Checking record 00:27A4...
[INFO    ] Checking record 00:27A6...
[INFO    ] Checking record 00:27A8...
[INFO    ] Checking record 00:27AA...
[INFO    ] Checking record 00:27AC...
[INFO    ] Checking record 00:27AE...
[INFO    ] Checking record 00:27B0...
[INFO    ] Checking record 00:27B2...
[INFO    ] Checking record 00:27B4...
[INFO    ] Checking record 00:27B6...
[INFO    ] Checking record 00:27B8...
[INFO    ] Checking record 00:27BA...
[INFO    ] Checking record 00:27BC...
[INFO    ] Checking record 00:27BE...
[INFO    ] Checking record 00:27C0...
[INFO    ] Checking record 00:27C2...
[INFO    ] Checking record 00:27C4...
[INFO    ] Checking record 00:27C6...
[INFO    ] Checking record 00:27C8...
[INFO    ] Checking record 00:27CA...
[INFO    ] Checking record 00:27CC...
[INFO    ] Checking record 00:27CE...
[INFO    ] Checking record 00:27D0...
[INFO    ] Checking record 00:27D2...
[INFO    ] Checking record 00:27D4...
[INFO    ] Checking record 00:27D6...
[INFO    ] Checking record 00:27D8...
[INFO    ] Checking record 00:27DA...
[INFO    ] Checking record 00:27DC...
[INFO    ] Checking record 00:27DE...
[INFO    ] Checking record 00:27E0...
[INFO    ] Checking record 00:27E2...
[INFO    ] Checking record 00:27E4...
[INFO    ] Checking record 00:27E6...
[INFO    ] Checking record 00:27E8...
[INFO    ] Checking record 00:27EA...
[INFO    ] Checking record 00:27EC...
[INFO    ] Checking record 00:27EE...
[INFO    ] Checking record 00:27F0...
[INFO    ] Checking record 00:27F2...
[INFO    ] Checking record 00:27F4...
[INFO    ] Checking record 00:27F6...
[INFO    ] Checking record 00:27F8...
[INFO    ] Checking record 00:27FA...
[INFO    ] Checking record 00:27FC...
[INFO    ] Checking record 00:27FE...
[INFO    ] Checking record 00:2800...
[INFO    ] Checking record 00:2802...
[INFO    ] Checking record 00:2804...
[INFO    ] Checking record 00:2806...
[INFO    ] Checking record 00:2808...
[INFO    ] Checking record 00:280A...
[INFO    ] Checking record 00:280C...
[INFO    ] Checking record 00:280E...
[INFO    ] Checking record 00:2810...
[INFO    ] Checking record 00:2812...
[INFO    ] Checking record 00:2814...
[INFO    ] Checking record 00:2A2F...
[INFO    ] Checking record 00:2A3F...
[INFO    ] Checking record 00:2A42...
[INFO    ] Checking record 00:2A45...
[INFO    ] Checking record 00:2A47...
[INFO    ] Checking record 00:2A49...
[INFO    ] Checking record 00:2A6F...
[INFO    ] Checking record 00:2A74...
[INFO    ] Checking record 00:2A77...
[INFO    ] Checking record 00:2AA2...
[INFO    ] Checking record 00:2ACB...
[INFO    ] Checking record 00:2AE4...
[INFO    ] Checking record 00:2B1B...
[INFO    ] Checking record 00:2B4B...
[INFO    ] Checking record 00:2C4D...
[INFO    ] Checking record 00:2C5D...
[INFO    ] Checking record 00:2C61...
[INFO    ] Checking record 00:2C63...
[INFO    ] Checking record 00:2C65...
[INFO    ] Checking record 00:2C68...
[INFO    ] Checking record 00:2C6E...
[INFO    ] Checking record 00:2C84...
[INFO    ] Checking record 00:2C94...
[INFO    ] Checking record 00:2CA6...
[INFO    ] Checking record 00:2CBC...
[INFO    ] Checking record 00:2CC8...
[INFO    ] Checking record 00:2CD6...
[INFO    ] Checking record 00:2CD9...
[INFO    ] Checking record 00:2CE4...
[INFO    ] Checking record 00:2CE7...
[INFO    ] Checking record 00:2CF2...
[INFO    ] Checking record 00:2CF5...
[INFO    ] Checking record 00:2D00...
[INFO    ] Checking record 00:2D03...
[INFO    ] Checking record 00:2D0E...
[INFO    ] Checking record 00:2D11...
[INFO    ] Checking record 00:2D1C...
[INFO    ] Checking record 00:2D1F...
[INFO    ] Checking record 00:2D22...
[INFO    ] Checking record 00:2D2B...
[INFO    ] Checking record 00:2D4C...
[INFO    ] Checking record 00:2DE7...
[INFO    ] Checking record 00:2DEB...
[INFO    ] Checking record 00:2DED...
[INFO    ] Checking record 00:2E21...
[INFO    ] Checking record 00:2E27...
[INFO    ] Checking record 00:2E2A...
[INFO    ] Checking record 00:2E36...
[INFO    ] Checking record 00:2E42...
[INFO    ] Checking record 00:2E4E...
[INFO    ] Checking record 00:2E5C...
[INFO    ] Checking record 00:2E5F...
[INFO    ] Checking record 00:2E6A...
[INFO    ] Checking record 00:2E6D...
[INFO    ] Checking record 00:2E78...
[INFO    ] Checking record 00:2E7B...
[INFO    ] Checking record 00:2E86...
[INFO    ] Checking record 00:2E89...
[INFO    ] Checking record 00:2E94...
[INFO    ] Checking record 00:2E97...
[INFO    ] Checking record 00:2EA2...
[INFO    ] Checking record 00:2EA5...
[INFO    ] Checking record 00:2EA8...
[INFO    ] Checking record 00:2EAB...
[INFO    ] Checking record 00:2ECB...
[INFO    ] Checking record 00:2EEC...
[INFO    ] Checking record 00:2EEF...
[INFO    ] Checking record 00:2EF2...
[INFO    ] Checking record 00:2F08...
[INFO    ] Checking record 00:2F19...
[INFO    ] Checking record 00:2F3F...
[INFO    ] Checking record 00:2F42...
[INFO    ] Checking record 00:2F45...
[INFO    ] Checking record 00:2F48...
[INFO    ] Checking record 00:2F6E...
[INFO    ] Checking record 00:2F71...
[INFO    ] Checking record 00:2F74...
[INFO    ] Checking record 00:2F77...
[INFO    ] Checking record 00:2F96...
[INFO    ] Checking record 00:2F99...
[INFO    ] Checking record 00:2F9C...
[INFO    ] Checking record 00:2FBE...
[INFO    ] Checking record 00:2FC1...
[INFO    ] Checking record 00:2FC4...
[INFO    ] Checking record 00:2FC9...
[INFO    ] Checking record 00:2FDA...
[INFO    ] Checking record 00:2FDD...
[INFO    ] Checking record 00:2FEC...
[INFO    ] Checking record 00:2FEF...
[INFO    ] Checking record 00:3029...
[INFO    ] Checking record 00:3038...
[INFO    ] Checking record 00:3044...
[INFO    ] Checking record 00:317C...
[INFO    ] Checking record 00:317F...
[INFO    ] Checking record 00:31E3...
[INFO    ] Checking record 00:31F1...
[INFO    ] Checking record 00:31FB...
[INFO    ] Checking record 00:3205...
[INFO    ] Checking record 00:320F...
[INFO    ] Checking record 00:3219...
[INFO    ] Checking record 00:321F...
[INFO    ] Checking record 00:3222...
[INFO    ] Checking record 00:322C...
[INFO    ] Checking record 00:323D...
[INFO    ] Checking record 00:3256...
[INFO    ] Checking record 00:326B...
[INFO    ] Checking record 00:32DC...
[INFO    ]     Interesting...
[INFO    ] Checking record 00:381D...
[INFO    ] Checking record 00:3822...
[INFO    ] Checking record 00:3827...
[INFO    ] Checking record 00:383C...
[INFO    ] Checking record 00:384C...
[INFO    ] Checking record 00:38FD...
[INFO    ] Checking record 00:3909...
[INFO    ] Checking record 00:3915...
[INFO    ] Checking record 00:397C...
[INFO    ] Checking record 00:3983...
[INFO    ] Checking record 00:3997...
[INFO    ] Checking record 00:3C23...
[INFO    ] Checking record 00:3C2D...
[INFO    ] Checking record 00:3C47...
[INFO    ] Checking record 00:3C51...
[INFO    ] Checking record 01:402D...
[INFO    ] Checking record 01:403A...
[INFO    ] Checking record 01:4047...
[INFO    ] Checking record 01:4054...
[INFO    ] Checking record 01:4061...
[INFO    ] Checking record 01:406E...
[INFO    ] Checking record 01:407B...
[INFO    ] Checking record 01:4088...
[INFO    ] Checking record 01:4095...
[INFO    ] Checking record 01:40A2...
[INFO    ] Checking record 01:40B7...
[INFO    ] Checking record 01:40C6...
[INFO    ] Checking record 01:40DB...
[INFO    ] Checking record 01:40EE...
[INFO    ] Checking record 01:40FD...
[INFO    ] Checking record 01:4101...
[INFO    ] Checking record 01:4107...
[INFO    ] Checking record 01:4115...
[INFO    ] Checking record 01:4123...
[INFO    ] Checking record 01:4131...
[INFO    ] Checking record 01:4137...
[INFO    ] Checking record 01:4145...
[INFO    ] Checking record 01:4151...
[INFO    ] Checking record 01:41BF...
[INFO    ] Checking record 01:41CF...
[INFO    ] Checking record 01:41DF...
[INFO    ] Checking record 01:41EF...
[INFO    ] Checking record 01:4203...
[INFO    ] Checking record 01:4213...
[INFO    ] Checking record 01:422E...
[INFO    ] Checking record 01:4249...
[INFO    ] Checking record 01:425E...
[INFO    ] Checking record 01:4263...
[INFO    ] Checking record 01:4282...
[INFO    ] Checking record 01:4423...
[INFO    ] Checking record 01:444B...
[INFO    ] Checking record 01:4DC3...
[INFO    ] Checking record 01:4EC4...
[INFO    ] Checking record 01:4F30...
[INFO    ] Checking record 01:4F89...
[INFO    ] Checking record 01:504B...
[INFO    ] Checking record 01:507E...
[INFO    ] Checking record 01:50B1...
[INFO    ] Checking record 01:5286...
[INFO    ] Checking record 01:5296...
[INFO    ] Checking record 01:62DB...
[INFO    ] Checking record 01:635D...
[INFO    ] Checking record 01:64B4...
[INFO    ] Checking record 01:653A...
[INFO    ] Checking record 01:6560...
[INFO    ] Checking record 01:66BF...
[INFO    ] Checking record 01:6739...
[INFO    ] Checking record 01:681B...
[INFO    ] Checking record 01:68D3...
[INFO    ] Checking record 01:6A8E...
[INFO    ] Checking record 01:6BF3...
[INFO    ] Checking record 01:6C18...
[INFO    ] Checking record 01:70C9...
[INFO    ] Checking record 01:70D8...
[INFO    ] Checking record 01:70FA...
[INFO    ] Checking record 01:711C...
[INFO    ] Checking record 01:713E...
[INFO    ] Checking record 01:7160...
[INFO    ] Checking record 01:7182...
[INFO    ] Checking record 01:71A4...
[INFO    ] Checking record 01:7829...
[INFO    ] Checking record 01:7D47...
[INFO    ] Checking record 01:7D72...
[INFO    ] Checking record 01:7D98...
[INFO    ] Checking record 01:7DB1...
[INFO    ] Checking record 01:7DD5...
[INFO    ] Checking record 01:7DF0...
[INFO    ] Checking record 03:77C8...
[INFO    ] Checking record 03:77E0...
[INFO    ] Checking record 03:77F3...
[INFO    ] Checking record 03:77FF...
[INFO    ] Checking record 03:780D...
[INFO    ] Checking record 03:781B...
[INFO    ] Checking record 03:7824...
[INFO    ] Checking record 03:782B...
[INFO    ] Checking record 03:783C...
[INFO    ] Checking record 03:7875...
[INFO    ] Checking record 03:7894...
[INFO    ] Checking record 03:789A...
[INFO    ] Checking record 03:78AA...
[INFO    ] Checking record 03:78BA...
[INFO    ] Checking record 03:78CA...
[INFO    ] Checking record 03:78D6...
[INFO    ] Checking record 03:78E4...
[INFO    ] Checking record 03:78F9...
[INFO    ] Checking record 03:7902...
[INFO    ] Checking record 03:790A...
[INFO    ] Checking record 03:7911...
[INFO    ] Checking record 03:7923...
[INFO    ] Checking record 03:7977...
[INFO    ] Checking record 03:799F...
[INFO    ] Checking record 03:79DF...
[INFO    ] Checking record 03:7A48...
[INFO    ] Checking record 03:7AC9...
[INFO    ] Checking record 04:7484...
[INFO    ] Checking record 04:748A...
[INFO    ] Checking record 04:749E...
[INFO    ] Checking record 04:74B1...
[INFO    ] Checking record 04:74BD...
[INFO    ] Checking record 04:74CB...
[INFO    ] Checking record 04:74DD...
[INFO    ] Checking record 04:74F0...
[INFO    ] Checking record 04:74F8...
[INFO    ] Checking record 04:74FF...
[INFO    ] Checking record 04:7511...
[INFO    ] Checking record 04:752C...
[INFO    ] Checking record 04:7558...
[INFO    ] Checking record 04:7584...
[INFO    ] Checking record 04:75A4...
[INFO    ] Checking record 04:75D4...
[INFO    ] Checking record 04:75D9...
[INFO    ] Checking record 04:7627...
[INFO    ] Checking record 04:762D...
[INFO    ] Checking record 04:763D...
[INFO    ] Checking record 04:764D...
[INFO    ] Checking record 04:7659...
[INFO    ] Checking record 04:7667...
[INFO    ] Checking record 04:7679...
[INFO    ] Checking record 04:767F...
[INFO    ] Checking record 04:7687...
[INFO    ] Checking record 04:768E...
[INFO    ] Checking record 04:76A0...
[INFO    ] Checking record 04:76C4...
[INFO    ] Checking record 04:76DF...
[INFO    ] Checking record 04:76FB...
[INFO    ] Checking record 04:771B...
[INFO    ] Checking record 04:7735...
[INFO    ] Checking record 04:77BA...
[INFO    ] Checking record 04:77CD...
[INFO    ] Checking record 04:77E0...
[INFO    ] Checking record 04:78D9...
[INFO    ] Checking record 04:78F4...
[INFO    ] Checking record 04:7901...
[INFO    ] Checking record 04:7981...
[INFO    ] Checking record 04:798D...
[INFO    ] Checking record 07:52BC...
[INFO    ] Checking record 07:52C4...
[INFO    ] Checking record 07:52CB...
[INFO    ] Checking record 07:5373...
[INFO    ] Checking record 07:5376...
[INFO    ] Checking record 07:537E...
[INFO    ] Checking record 07:5385...
[INFO    ] Checking record 07:5392...
[INFO    ] Checking record 07:539F...
[INFO    ] Checking record 07:53AC...
[INFO    ] Checking record 07:53B9...
[INFO    ] Checking record 07:53C6...
[INFO    ] Checking record 07:53D3...
[INFO    ] Checking record 07:53E0...
[INFO    ] Checking record 07:53ED...
[INFO    ] Checking record 07:53FA...
[INFO    ] Checking record 07:5407...
[INFO    ] Checking record 07:5414...
[INFO    ] Checking record 07:5421...
[INFO    ] Checking record 07:542E...
[INFO    ] Checking record 07:543B...
[INFO    ] Checking record 07:5492...
[INFO    ] Checking record 07:54A0...
[INFO    ] Checking record 07:5528...
[INFO    ] Checking record 07:5536...
[INFO    ] Checking record 07:5544...
[INFO    ] Checking record 07:55B6...
[INFO    ] Checking record 07:55C4...
[INFO    ] Checking record 07:564C...
[INFO    ] Checking record 07:565A...
[INFO    ] Checking record 07:56C8...
[INFO    ] Checking record 07:56D6...
[INFO    ] Checking record 07:575E...
[INFO    ] Checking record 07:576C...
[INFO    ] Checking record 07:57DA...
[INFO    ] Checking record 07:57E8...
[INFO    ] Checking record 07:5856...
[INFO    ] Checking record 07:5864...
[INFO    ] Checking record 07:58D2...
[INFO    ] Checking record 07:58E0...
[INFO    ] Checking record 07:5968...
[INFO    ] Checking record 07:5976...
[INFO    ] Checking record 07:5984...
[INFO    ] Checking record 07:59F6...
[INFO    ] Checking record 07:5A7E...
[INFO    ] Checking record 07:5A8C...
[INFO    ] Checking record 07:5A9A...
[INFO    ] Checking record 07:5B26...
[INFO    ] Checking record 07:5B34...
[INFO    ] Checking record 07:5BD6...
[INFO    ] Checking record 07:5BE4...
[INFO    ] Checking record 07:5BF2...
[INFO    ] Checking record 07:5C4A...
[INFO    ] Checking record 07:5C58...
[INFO    ] Checking record 07:62E8...
[INFO    ] Checking record 07:62FD...
[INFO    ] Checking record 07:6379...
[INFO    ] Checking record 07:6425...
[INFO    ] Checking record 07:6433...
[INFO    ] Checking record 07:648E...
[INFO    ] Checking record 08:4012...
[INFO    ] Checking record 08:4018...
[INFO    ] Checking record 08:4028...
[INFO    ] Checking record 08:4038...
[INFO    ] Checking record 08:4048...
[INFO    ] Checking record 08:405A...
[INFO    ] Checking record 08:4068...
[INFO    ] Checking record 08:4076...
[INFO    ] Checking record 08:4084...
[INFO    ] Checking record 08:4096...
[INFO    ] Checking record 08:40A4...
[INFO    ] Checking record 08:40B7...
[INFO    ] Checking record 08:40BF...
[INFO    ] Checking record 08:40C6...
[INFO    ] Checking record 08:40D8...
[INFO    ] Checking record 08:411C...
[INFO    ] Checking record 08:412C...
[INFO    ] Checking record 08:413E...
[INFO    ] Checking record 08:415E...
[INFO    ] Checking record 08:4163...
[INFO    ] Checking record 08:41B1...
[INFO    ] Checking record 08:41CA...
[INFO    ] Checking record 08:41D6...
[INFO    ] Checking record 08:4344...
[INFO    ] Checking record 08:43E7...
[INFO    ] Checking record 08:43ED...
[INFO    ] Checking record 08:43FD...
[INFO    ] Checking record 08:4409...
[INFO    ] Checking record 08:441A...
[INFO    ] Checking record 08:4428...
[INFO    ] Checking record 08:4436...
[INFO    ] Checking record 08:4444...
[INFO    ] Checking record 08:4452...
[INFO    ] Checking record 08:4460...
[INFO    ] Checking record 08:446E...
[INFO    ] Checking record 08:447C...
[INFO    ] Checking record 08:447F...
[INFO    ] Checking record 08:4488...
[INFO    ] Checking record 08:44DE...
[INFO    ] Checking record 08:44EB...
[INFO    ] Checking record 08:44EE...
[INFO    ] Checking record 09:40E6...
[INFO    ] Checking record 09:4200...
[INFO    ] Checking record 09:43C5...
[INFO    ] Checking record 09:4456...
[INFO    ] Checking record 09:4536...
[INFO    ] Checking record 0A:75AE...
[INFO    ] Checking record 0A:75B4...
[INFO    ] Checking record 0A:75BB...
[INFO    ] Checking record 0A:75CE...
[INFO    ] Checking record 0A:75DE...
[INFO    ] Checking record 0A:75EA...
[INFO    ] Checking record 0A:7604...
[INFO    ] Checking record 0A:7642...
[INFO    ] Checking record 0A:7661...
[INFO    ] Checking record 0A:7679...
[INFO    ] Checking record 0A:7681...
[INFO    ] Checking record 0A:7688...
[INFO    ] Checking record 0A:769A...
[INFO    ] Checking record 0A:772E...
[INFO    ] Checking record 0A:7754...
[INFO    ] Checking record 0A:7865...
[INFO    ] Checking record 0A:786B...
[INFO    ] Checking record 0A:7878...
[INFO    ] Checking record 0A:788B...
[INFO    ] Checking record 0A:789B...
[INFO    ] Checking record 0A:78A7...
[INFO    ] Checking record 0A:78C4...
[INFO    ] Checking record 0A:7910...
[INFO    ] Checking record 0A:793B...
[INFO    ] Checking record 0A:7947...
[INFO    ] Checking record 0A:794F...
[INFO    ] Checking record 0A:7956...
[INFO    ] Checking record 0A:7968...
[INFO    ] Checking record 0A:79FF...
[INFO    ] Checking record 0A:7A39...
[INFO    ] Checking record 0A:7A45...
[INFO    ] Checking record 0A:7A5E...
[INFO    ] Checking record 0A:7A70...
[INFO    ] Checking record 0A:7ACF...
[INFO    ] Checking record 0A:7AE2...
[INFO    ] Checking record 0A:7B33...
[INFO    ] Checking record 0A:7B53...
[INFO    ] Checking record 0A:7E5B...
[INFO    ] Checking record 0A:7EAF...
[INFO    ] Checking record 0A:7EB6...
[INFO    ] Checking record 0F:401C...
[INFO    ] Checking record 0F:4022...
[INFO    ] Checking record 0F:4035...
[INFO    ] Checking record 0F:4045...
[INFO    ] Checking record 0F:4055...
[INFO    ] Checking record 0F:4061...
[INFO    ] Checking record 0F:4087...
[INFO    ] Checking record 0F:4097...
[INFO    ] Checking record 0F:409E...
[INFO    ] Checking record 0F:40A4...
[INFO    ] Checking record 0F:40AC...
[INFO    ] Checking record 0F:40B3...
[INFO    ] Checking record 0F:40C5...
[INFO    ] Checking record 0F:4120...
[INFO    ] Checking record 0F:4125...
[INFO    ] Checking record 0F:4128...
[INFO    ] Checking record 0F:4158...
[INFO    ] Checking record 0F:4190...
[INFO    ] Checking record 0F:41CA...
[INFO    ] Checking record 0F:4210...
[INFO    ] Checking record 0F:422E...
[INFO    ] Checking record 0F:42DB...
[INFO    ] Checking record 0F:4391...
[INFO    ] Checking record 0F:43B3...
[INFO    ] Checking record 0F:45E1...
[INFO    ] Checking record 0F:4686...
[INFO    ] Checking record 0F:469B...
[INFO    ] Checking record 0F:46D7...
[INFO    ] Checking record 0F:4721...
[INFO    ] Checking record 0F:473B...
[INFO    ] Checking record 14:78B3...
[INFO    ] Checking record 14:78B9...
[INFO    ] Checking record 14:78C9...
[INFO    ] Checking record 14:78D9...
[INFO    ] Checking record 14:78E9...
[INFO    ] Checking record 14:78F7...
[INFO    ] Checking record 14:7927...
[INFO    ] Checking record 14:79CE...
[INFO    ] Checking record 14:79E8...
[INFO    ] Checking record 14:7A27...
[INFO    ] Checking record 14:7A90...
[INFO    ] Checking record 14:7ABC...
[INFO    ] Checking record 14:7AF9...
[INFO    ] Checking record 14:7B23...
[INFO    ] Checking record 14:7B45...
[INFO    ] Checking record 14:7B81...
[INFO    ] Checking record 14:7C04...
[INFO    ] ------------------------------------------------------------------------
[INFO    ] filtered/unfiltered 10/930
[INFO    ] Difference   at A 00:0140 -  2 -- B: 00:0140 -  2
[INFO    ] Difference   at A 00:0148 -  1 -- B: 00:0148 -  1
[INFO    ] Difference   at A 00:014D -  3 -- B: 00:014D -  3
[INFO    ] Insertion    at A 00:0152 -  4 -- B: 00:0152 -  4
[INFO    ] Difference   at A 00:016E -  1 -- B: 00:0172 -  1
[INFO    ] Difference   at A 00:08F6 -  1 -- B: 00:08FA -  1
[INFO    ] Difference   at A 00:08FA -  1 -- B: 00:08FE -  1
[INFO    ] Difference   at A 00:11AB -  1 -- B: 00:11AF -  1
[INFO    ] Difference   at A 00:1412 -  1 -- B: 00:1416 -  1
[INFO    ] Difference   at A 00:148B -  1 -- B: 00:148F -  1
[INFO    ] Difference   at A 00:32DC -  1 -- B: 00:32E0 -  1
[INFO    ] Deletion     at A 00:3FFC -  4 -- B: 01:4000 -  4
[INFO    ] Deletion     at A 20:4000 - 524288 -- B: 20:4000 - 524288
[INFO    ] ------------------------------------------------------------------------
