Processing entry 00 table 13:6745
        Processing struct 00 at 13:6745
            02 61 67
        Processing struct 01 at 13:6748
            07 70 67
        Processing struct 02 at 13:674B
            0B 78 67
        Processing struct 03 at 13:674E
            11 80 67
        Processing struct 04 at 13:6751
            12 8F 67
        Processing struct 05 at 13:6754
            14 97 67
        Processing struct 06 at 13:6757
            16 9E 67
        Processing struct 07 at 13:675A
            17 A6 67
        Processing struct 08 at 13:675D
            25 AD 67
        Processing struct 09 at 13:6760
            FF 0F 06
Processing entry 01 table 13:67B5
        Processing struct 00 at 13:67B5
            00 D7 67
        Processing struct 01 at 13:67B8
            0F E6 67
        Processing struct 02 at 13:67BB
            10 EE 67
        Processing struct 03 at 13:67BE
            11 FD 67
        Processing struct 04 at 13:67C1
            14 0C 68
        Processing struct 05 at 13:67C4
            17 1B 68
        Processing struct 06 at 13:67C7
            18 23 68
        Processing struct 07 at 13:67CA
            26 32 68
        Processing struct 08 at 13:67CD
            1F 41 68
        Processing struct 09 at 13:67D0
            1E 50 68
        Processing struct 0A at 13:67D3
            24 51 68
        Processing struct 0B at 13:67D6
            FF 08 11
Processing entry 02 table 13:6852
        Processing struct 00 at 13:6852
            01 5C 68
        Processing struct 01 at 13:6855
            02 6A 68
        Processing struct 02 at 13:6858
            21 80 68
        Processing struct 03 at 13:685B
            FF 17 09
Processing entry 03 table 13:6888
        Processing struct 00 at 13:6888
            00 A4 68
        Processing struct 01 at 13:688B
            01 AC 68
        Processing struct 02 at 13:688E
            08 B4 68
        Processing struct 03 at 13:6891
            0E C3 68
        Processing struct 04 at 13:6894
            10 CB 68
        Processing struct 05 at 13:6897
            11 D3 68
        Processing struct 06 at 13:689A
            12 DB 68
        Processing struct 07 at 13:689D
            13 EA 68
        Processing struct 08 at 13:68A0
            14 F2 68
        Processing struct 09 at 13:68A3
            FF 0C 16
Processing entry 04 table 13:68FA
        Processing struct 00 at 13:68FA
            00 01 69
        Processing struct 01 at 13:68FD
            01 17 69
        Processing struct 02 at 13:6900
            FF 09 09
Processing entry 05 table 13:6926
        Processing struct 00 at 13:6926
            14 36 69
        Processing struct 01 at 13:6929
            16 3E 69
        Processing struct 02 at 13:692C
            17 46 69
        Processing struct 03 at 13:692F
            1D 4E 69
        Processing struct 04 at 13:6932
            0F 5D 69
        Processing struct 05 at 13:6935
            FF 0C 10
Processing entry 06 table 13:6965
        Processing struct 00 at 13:6965
            00 78 69
        Processing struct 01 at 13:6968
            01 B8 69
        Processing struct 02 at 13:696B
            10 C0 69
        Processing struct 03 at 13:696E
            0B C8 69
        Processing struct 04 at 13:6971
            0D D0 69
        Processing struct 05 at 13:6974
            09 D8 69
        Processing struct 06 at 13:6977
            FF 15 24
Processing entry 07 table 13:69E0
        Processing struct 00 at 13:69E0
            00 F0 69
        Processing struct 01 at 13:69E3
            01 F8 69
        Processing struct 02 at 13:69E6
            02 00 6A
        Processing struct 03 at 13:69E9
            03 08 6A
        Processing struct 04 at 13:69EC
            05 10 6A
        Processing struct 05 at 13:69EF
            FF 0C 0D
Processing entry 08 table 13:6A18
        Processing struct 00 at 13:6A18
            00 28 6A
        Processing struct 01 at 13:6A1B
            03 37 6A
        Processing struct 02 at 13:6A1E
            05 3F 6A
        Processing struct 03 at 13:6A21
            08 55 6A
        Processing struct 04 at 13:6A24
            0A 5D 6A
        Processing struct 05 at 13:6A27
            FF 06 06
Processing entry 09 table 13:6A65
        Processing struct 00 at 13:6A65
            02 84 6A
        Processing struct 01 at 13:6A68
            11 A8 6A
        Processing struct 02 at 13:6A6B
            16 B7 6A
        Processing struct 03 at 13:6A6E
            14 CD 6A
        Processing struct 04 at 13:6A71
            09 EA 6A
        Processing struct 05 at 13:6A74
            13 F2 6A
        Processing struct 06 at 13:6A77
            17 FA 6A
        Processing struct 07 at 13:6A7A
            18 02 6B
        Processing struct 08 at 13:6A7D
            19 0A 6B
        Processing struct 09 at 13:6A80
            0B 19 6B
        Processing struct 0A at 13:6A83
            FF 06 09
Processing entry 0A table 13:6B1A
        Processing struct 00 at 13:6B1A
            02 24 6B
        Processing struct 01 at 13:6B1D
            0C 2C 6B
        Processing struct 02 at 13:6B20
            18 34 6B
        Processing struct 03 at 13:6B23
            FF 16 0A
Processing entry 0B table 13:6B3C
        Processing struct 00 at 13:6B3C
            02 52 6B
        Processing struct 01 at 13:6B3F
            06 5A 6B
        Processing struct 02 at 13:6B42
            0E 62 6B
        Processing struct 03 at 13:6B45
            0F 71 6B
        Processing struct 04 at 13:6B48
            17 79 6B
        Processing struct 05 at 13:6B4B
            18 88 6B
        Processing struct 06 at 13:6B4E
            21 90 6B
        Processing struct 07 at 13:6B51
            FF 18 21
Processing entry 0C table 13:6B9F
        Processing struct 00 at 13:6B9F
            00 A3 6B
        Processing struct 01 at 13:6BA2
            FF 17 13
Processing entry 0D table 13:6BAB
        Processing struct 00 at 13:6BAB
            01 B2 6B
        Processing struct 01 at 13:6BAE
            02 BA 6B
        Processing struct 02 at 13:6BB1
            FF 20 1C
Processing entry 0E table 13:6BC2
        Processing struct 00 at 13:6BC2
            00 CF 6B
        Processing struct 01 at 13:6BC5
            15 D7 6B
        Processing struct 02 at 13:6BC8
            19 DF 6B
        Processing struct 03 at 13:6BCB
            12 E7 6B
        Processing struct 04 at 13:6BCE
            FF 0E 14
Processing entry 0F table 13:6BEF
        Processing struct 00 at 13:6BEF
            00 FC 6B
        Processing struct 01 at 13:6BF2
            09 04 6C
        Processing struct 02 at 13:6BF5
            17 0C 6C
        Processing struct 03 at 13:6BF8
            18 22 6C
        Processing struct 04 at 13:6BFB
            FF 0F 0E
Processing entry 10 table 13:6C31
        Processing struct 00 at 13:6C31
            02 35 6C
        Processing struct 01 at 13:6C34
            FF 0A 06
Processing entry 11 table 13:6C3D
        Processing struct 00 at 13:6C3D
            FF 00 00
