Processing entry 00 table 13:41E4
    Elements: 28
    Processing element 00 with 10 structs at 13:4234
        Processing struct 00 at 13:4235
            0A 1A 11 08 0D 41
        Processing struct 01 at 13:423B
            0B 0B 22 08 10 41
        Processing struct 02 at 13:4241
            05 0B 0C 08 0D 41
        Processing struct 03 at 13:4247
            06 0B 0C 09 0D 41
        Processing struct 04 at 13:424D
            15 0B 0D 08 0D 41
        Processing struct 05 at 13:4253
            16 0B 0D 09 0D 41
        Processing struct 06 at 13:4259
            1E 0B 0E 08 0C 41
        Processing struct 07 at 13:425F
            1F 0B 0E 09 0C 41
        Processing struct 08 at 13:4265
            17 18 0F 09 0F 41
        Processing struct 09 at 13:426B
            18 18 0F 0A 0F 41
        Processing struct 0A at 13:4271
            07 12 1D 08 0E 14
        Processing struct 0B at 13:4277
            20 06 1D 1B 05 14
        Processing struct 0C at 13:427D
            2A 1C FF CE 45 04
        Processing struct 0D at 13:4283
            2A 1D FF E6 45 04
        Processing struct 0E at 13:4289
            0F 04 FF FE 45 04
        Processing struct 0F at 13:428F
            10 04 FF 16 46 04
    Processing element 01 with 01 structs at 13:4295
        Processing struct 00 at 13:4296
            09 0C 1C 0F 05 43
    Processing element 02 with 02 structs at 13:429C
        Processing struct 00 at 13:429D
            0F 12 11 11 06 43
        Processing struct 01 at 13:42A3
            0F 05 16 09 0C 41
    Processing element 03 with 10 structs at 13:42A9
        Processing struct 00 at 13:42AA
            0A 1A 11 08 0D 41
        Processing struct 01 at 13:42B0
            0B 0B 22 08 10 41
        Processing struct 02 at 13:42B6
            05 0B 0C 08 0D 41
        Processing struct 03 at 13:42BC
            06 0B 0C 09 0D 41
        Processing struct 04 at 13:42C2
            15 0B 0D 08 0D 41
        Processing struct 05 at 13:42C8
            16 0B 0D 09 0D 41
        Processing struct 06 at 13:42CE
            1E 0B 0E 08 0C 41
        Processing struct 07 at 13:42D4
            1F 0B 0E 09 0C 41
        Processing struct 08 at 13:42DA
            17 18 0F 09 0F 41
        Processing struct 09 at 13:42E0
            18 18 0F 0A 0F 41
        Processing struct 0A at 13:42E6
            07 12 1D 08 0E 14
        Processing struct 0B at 13:42EC
            20 06 1D 1B 05 14
        Processing struct 0C at 13:42F2
            2A 1C FF 2E 46 04
        Processing struct 0D at 13:42F8
            2A 1D FF 46 46 04
        Processing struct 0E at 13:42FE
            0F 04 FF 5E 46 04
        Processing struct 0F at 13:4304
            10 04 FF 76 46 04
    Processing element 04 with 05 structs at 13:430A
        Processing struct 00 at 13:430B
            06 14 FF 8E 46 04
        Processing struct 01 at 13:4311
            06 15 FF A6 46 04
        Processing struct 02 at 13:4317
            17 06 FF BE 46 02
        Processing struct 03 at 13:431D
            18 06 FF CA 46 02
        Processing struct 04 at 13:4323
            19 06 FF D6 46 02
    Processing element 05 with 00 structs at 13:4329
    Processing element 06 with 05 structs at 13:432A
        Processing struct 00 at 13:432B
            06 14 FF E2 46 04
        Processing struct 01 at 13:4331
            06 15 FF FA 46 04
        Processing struct 02 at 13:4337
            17 06 FF 12 47 02
        Processing struct 03 at 13:433D
            18 06 FF 1E 47 02
        Processing struct 04 at 13:4343
            19 06 FF 2A 47 02
    Processing element 07 with 03 structs at 13:4349
        Processing struct 00 at 13:434A
            09 1E FF 36 47 04
        Processing struct 01 at 13:4350
            0A 1E FF 4E 47 04
        Processing struct 02 at 13:4356
            0B 1E FF 66 47 04
    Processing element 08 with 03 structs at 13:435C
        Processing struct 00 at 13:435D
            0A 19 FF 7E 47 04
        Processing struct 01 at 13:4363
            0B 19 FF 96 47 04
        Processing struct 02 at 13:4369
            0A 0F 14 08 12 41
    Processing element 09 with 02 structs at 13:436F
        Processing struct 00 at 13:4370
            07 10 14 0D 08 43
        Processing struct 01 at 13:4376
            08 10 14 0D 08 43
    Processing element 0A with 03 structs at 13:437C
        Processing struct 00 at 13:437D
            0A 19 FF AE 47 04
        Processing struct 01 at 13:4383
            0B 19 FF C6 47 04
        Processing struct 02 at 13:4389
            0A 0F 14 08 12 41
    Processing element 0B with 03 structs at 13:438F
        Processing struct 00 at 13:4390
            09 0F 1D 11 07 43
        Processing struct 01 at 13:4396
            0A 0F 1D 11 07 43
        Processing struct 02 at 13:439C
            0B 0F 1D 11 07 43
    Processing element 0C with 02 structs at 13:43A2
        Processing struct 00 at 13:43A3
            08 0D FF DE 47 04
        Processing struct 01 at 13:43A9
            09 0D FF F6 47 04
    Processing element 0D with 02 structs at 13:43AF
        Processing struct 00 at 13:43B0
            08 0D FF 0E 48 04
        Processing struct 01 at 13:43B6
            09 0D FF 26 48 04
    Processing element 0E with 02 structs at 13:43BC
        Processing struct 00 at 13:43BD
            08 0C FF 3E 48 04
        Processing struct 01 at 13:43C3
            09 0C FF 56 48 04
    Processing element 0F with 02 structs at 13:43C9
        Processing struct 00 at 13:43CA
            09 0F FF 6E 48 04
        Processing struct 01 at 13:43D0
            0A 0F FF 86 48 04
    Processing element 10 with 02 structs at 13:43D6
        Processing struct 00 at 13:43D7
            08 12 1D 07 07 43
        Processing struct 01 at 13:43DD
            09 12 1D 07 07 43
    Processing element 11 with 07 structs at 13:43E3
        Processing struct 00 at 13:43E4
            07 0D FF 9E 48 04
        Processing struct 01 at 13:43EA
            08 0D FF 9E 48 04
        Processing struct 02 at 13:43F0
            09 0D FF 9E 48 04
        Processing struct 03 at 13:43F6
            11 06 02 0F 12 41
        Processing struct 04 at 13:43FC
            15 06 1C 0F 12 41
        Processing struct 05 at 13:4402
            09 04 FF B6 48 02
        Processing struct 06 at 13:4408
            0A 04 FF B6 48 02
    Processing element 12 with 01 structs at 13:440E
        Processing struct 00 at 13:440F
            0A 0A 11 09 04 13
    Processing element 13 with 02 structs at 13:4415
        Processing struct 00 at 13:4416
            07 10 14 11 08 43
        Processing struct 01 at 13:441C
            08 10 14 11 08 43
    Processing element 14 with 07 structs at 13:4422
        Processing struct 00 at 13:4423
            08 12 FF C2 48 04
        Processing struct 01 at 13:4429
            08 06 19 07 08 13
        Processing struct 02 at 13:442F
            09 06 19 07 08 13
        Processing struct 03 at 13:4435
            0D 08 09 07 10 41
        Processing struct 04 at 13:443B
            11 08 13 07 10 41
        Processing struct 05 at 13:4441
            15 08 17 07 10 41
        Processing struct 06 at 13:4447
            19 08 1A 07 10 41
    Processing element 15 with 01 structs at 13:444D
        Processing struct 00 at 13:444E
            07 0B 19 0C 07 13
    Processing element 16 with 01 structs at 13:4454
        Processing struct 00 at 13:4455
            09 0C 02 0F 05 43
    Processing element 17 with 02 structs at 13:445B
        Processing struct 00 at 13:445C
            07 10 14 15 08 43
        Processing struct 01 at 13:4462
            08 10 14 15 08 43
    Processing element 18 with 02 structs at 13:4468
        Processing struct 00 at 13:4469
            07 10 19 11 09 43
        Processing struct 01 at 13:446F
            08 10 19 11 09 43
    Processing element 19 with 05 structs at 13:4475
        Processing struct 00 at 13:4476
            07 08 14 08 06 13
        Processing struct 01 at 13:447C
            08 08 14 08 06 13
        Processing struct 02 at 13:4482
            0C 07 FF DA 48 02
        Processing struct 03 at 13:4488
            0D 07 FF DA 48 02
        Processing struct 04 at 13:448E
            11 09 18 07 10 41
    Processing element 1A with 02 structs at 13:4494
        Processing struct 00 at 13:4495
            07 10 14 19 08 43
        Processing struct 01 at 13:449B
            08 10 14 19 08 43
    Processing element 1B with 10 structs at 13:44A1
        Processing struct 00 at 13:44A2
            0A 1A 11 08 0D 41
        Processing struct 01 at 13:44A8
            0B 0B 22 08 10 41
        Processing struct 02 at 13:44AE
            05 0B 0C 08 0D 41
        Processing struct 03 at 13:44B4
            06 0B 0C 09 0D 41
        Processing struct 04 at 13:44BA
            15 0B 0D 08 0D 41
        Processing struct 05 at 13:44C0
            16 0B 0D 09 0D 41
        Processing struct 06 at 13:44C6
            1E 0B 0E 08 0C 41
        Processing struct 07 at 13:44CC
            1F 0B 0E 09 0C 41
        Processing struct 08 at 13:44D2
            17 18 0F 09 0F 41
        Processing struct 09 at 13:44D8
            18 18 0F 0A 0F 41
        Processing struct 0A at 13:44DE
            07 12 1D 08 0E 14
        Processing struct 0B at 13:44E4
            20 06 1D 1B 05 14
        Processing struct 0C at 13:44EA
            2A 1C FF E6 48 04
        Processing struct 0D at 13:44F0
            2A 1D FF FE 48 04
        Processing struct 0E at 13:44F6
            0F 04 FF 16 49 04
        Processing struct 0F at 13:44FC
            10 04 FF 2E 49 04
    Processing element 1C with 02 structs at 13:4502
        Processing struct 00 at 13:4503
            0F 12 11 15 06 43
        Processing struct 01 at 13:4509
            0F 05 01 09 0C 41
    Processing element 1D with 07 structs at 13:450F
        Processing struct 00 at 13:4510
            07 07 10 08 12 41
        Processing struct 01 at 13:4516
            0B 07 20 09 0C 41
        Processing struct 02 at 13:451C
            0E 07 1E 09 0C 41
        Processing struct 03 at 13:4522
            11 07 0B 0A 0F 41
        Processing struct 04 at 13:4528
            15 07 1F 09 0F 41
        Processing struct 05 at 13:452E
            08 0E FF 46 49 04
        Processing struct 06 at 13:4534
            1B 05 FF 5E 49 04
    Processing element 1E with 02 structs at 13:453A
        Processing struct 00 at 13:453B
            09 0C 1D 0E 07 43
        Processing struct 01 at 13:4541
            0A 0C 1D 0E 07 43
    Processing element 1F with 03 structs at 13:4547
        Processing struct 00 at 13:4548
            08 0F 1D 15 07 43
        Processing struct 01 at 13:454E
            09 0F 1D 15 07 43
        Processing struct 02 at 13:4554
            0A 0F 1D 15 07 43
    Processing element 20 with 03 structs at 13:455A
        Processing struct 00 at 13:455B
            08 0C 1D 0B 07 43
        Processing struct 01 at 13:4561
            09 0C 1D 0B 07 43
        Processing struct 02 at 13:4567
            0A 0C 1D 0B 07 43
    Processing element 21 with 00 structs at 13:456D
    Processing element 22 with 02 structs at 13:456E
        Processing struct 00 at 13:456F
            08 10 FF 76 49 04
        Processing struct 01 at 13:4575
            09 10 FF 76 49 04
    Processing element 23 with 01 structs at 13:457B
        Processing struct 00 at 13:457C
            0A 0A 11 09 04 13
    Processing element 24 with 05 structs at 13:4582
        Processing struct 00 at 13:4583
            06 14 FF 8E 49 04
        Processing struct 01 at 13:4589
            06 15 FF A6 49 04
        Processing struct 02 at 13:458F
            17 06 FF BE 49 02
        Processing struct 03 at 13:4595
            18 06 FF CA 49 02
        Processing struct 04 at 13:459B
            19 06 FF D6 49 02
    Processing element 25 with 03 structs at 13:45A1
        Processing struct 00 at 13:45A2
            09 1E FF E2 49 04
        Processing struct 01 at 13:45A8
            0A 1E FF FA 49 04
        Processing struct 02 at 13:45AE
            0B 1E FF 12 4A 04
    Processing element 26 with 03 structs at 13:45B4
        Processing struct 00 at 13:45B5
            0A 19 FF 2A 4A 04
        Processing struct 01 at 13:45BB
            0B 19 FF 42 4A 04
        Processing struct 02 at 13:45C1
            0A 0F 14 08 12 41
    Processing element 27 with 01 structs at 13:45C7
        Processing struct 00 at 13:45C8
            07 0B 19 0C 07 13
Processing entry 01 table 13:4A5A
    Elements: 2C
    Processing element 00 with 03 structs at 13:4AB2
        Processing struct 00 at 13:4AB3
            0A 0A 06 0B 0B 01
        Processing struct 01 at 13:4AB9
            08 05 02 0F 1F 01
        Processing struct 02 at 13:4ABF
            09 05 02 10 1F 01
    Processing element 01 with 03 structs at 13:4AC5
        Processing struct 00 at 13:4AC6
            0C 0B 02 14 12 43
        Processing struct 01 at 13:4ACC
            0D 0B 02 14 12 43
        Processing struct 02 at 13:4AD2
            0E 0B 02 14 12 43
    Processing element 02 with 0F structs at 13:4AD8
        Processing struct 00 at 13:4AD9
            0F 1F 00 08 05 03
        Processing struct 01 at 13:4ADF
            10 1F 00 09 05 03
        Processing struct 02 at 13:4AE5
            0C 11 03 0A 0B 41
        Processing struct 03 at 13:4AEB
            08 11 04 08 0F 41
        Processing struct 04 at 13:4AF1
            08 0A 05 09 0D 41
        Processing struct 05 at 13:4AF7
            14 12 01 0D 0B 41
        Processing struct 06 at 13:4AFD
            15 12 01 0D 0B 41
        Processing struct 07 at 13:4B03
            10 08 07 07 0D 41
        Processing struct 08 at 13:4B09
            11 08 07 07 0D 41
        Processing struct 09 at 13:4B0F
            0B 0B 08 07 0C 41
        Processing struct 0A at 13:4B15
            14 09 0A 09 0B 41
        Processing struct 0B at 13:4B1B
            1F 0D 0C 05 12 02
        Processing struct 0C at 13:4B21
            1F 0E 0C 05 13 02
        Processing struct 0D at 13:4B27
            0D 07 1F 0A 0F 41
        Processing struct 0E at 13:4B2D
            18 0B 1D 09 0C 41
    Processing element 03 with 03 structs at 13:4B33
        Processing struct 00 at 13:4B34
            09 0B 02 0C 11 43
        Processing struct 01 at 13:4B3A
            0A 0B 02 0C 11 43
        Processing struct 02 at 13:4B40
            0B 0B 02 0C 11 43
    Processing element 04 with 03 structs at 13:4B46
        Processing struct 00 at 13:4B47
            07 0F 02 08 11 43
        Processing struct 01 at 13:4B4D
            08 0F 02 08 11 43
        Processing struct 02 at 13:4B53
            09 0F 02 08 11 43
    Processing element 05 with 02 structs at 13:4B59
        Processing struct 00 at 13:4B5A
            08 0D 02 08 0A 43
        Processing struct 01 at 13:4B60
            09 0D 02 08 0A 43
    Processing element 06 with 03 structs at 13:4B66
        Processing struct 00 at 13:4B67
            0A 0B 00 0A 0A 03
        Processing struct 01 at 13:4B6D
            0B 0B 00 0A 0A 03
        Processing struct 02 at 13:4B73
            0C 0B 00 0A 0A 03
    Processing element 07 with 04 structs at 13:4B79
        Processing struct 00 at 13:4B7A
            06 0D 02 11 08 43
        Processing struct 01 at 13:4B80
            07 0D 02 11 08 43
        Processing struct 02 at 13:4B86
            08 0D 02 11 08 43
        Processing struct 03 at 13:4B8C
            09 0D 02 11 08 43
    Processing element 08 with 02 structs at 13:4B92
        Processing struct 00 at 13:4B93
            07 0C 02 0B 0B 43
        Processing struct 01 at 13:4B99
            08 0C 02 0B 0B 43
    Processing element 09 with 00 structs at 13:4B9F
    Processing element 0A with 02 structs at 13:4BA0
        Processing struct 00 at 13:4BA1
            09 0B 02 14 09 43
        Processing struct 01 at 13:4BA7
            0A 0B 02 14 09 43
    Processing element 0B with 00 structs at 13:4BAD
    Processing element 0C with 03 structs at 13:4BAE
        Processing struct 00 at 13:4BAF
            05 12 02 1F 0D 04
        Processing struct 01 at 13:4BB5
            05 13 02 1F 0E 04
        Processing struct 02 at 13:4BBB
            13 06 17 11 26 01
    Processing element 0D with 02 structs at 13:4BC1
        Processing struct 00 at 13:4BC2
            0D 26 18 0D 05 03
        Processing struct 01 at 13:4BC8
            0D 0A 0E 15 29 41
    Processing element 0E with 09 structs at 13:4BCE
        Processing struct 00 at 13:4BCF
            15 29 0D 0D 0A 43
        Processing struct 01 at 13:4BD5
            16 29 0D 0D 0A 43
        Processing struct 02 at 13:4BDB
            24 0B 12 08 0A 41
        Processing struct 03 at 13:4BE1
            0F 0C 13 08 0A 41
        Processing struct 04 at 13:4BE7
            26 1D 14 08 0B 41
        Processing struct 05 at 13:4BED
            0A 0B 15 08 0A 41
        Processing struct 06 at 13:4BF3
            07 18 16 08 0A 41
        Processing struct 07 at 13:4BF9
            16 03 0F 0C 0F 41
        Processing struct 08 at 13:4BFF
            2B 1E FF 9C 4D 02
    Processing element 0F with 05 structs at 13:4C05
        Processing struct 00 at 13:4C06
            0B 0F 0E 16 03 43
        Processing struct 01 at 13:4C0C
            0C 0F 0E 16 03 43
        Processing struct 02 at 13:4C12
            0D 0F 0E 16 03 43
        Processing struct 03 at 13:4C18
            11 0A 10 08 0B 41
        Processing struct 04 at 13:4C1E
            0C 04 11 0A 12 41
    Processing element 10 with 02 structs at 13:4C24
        Processing struct 00 at 13:4C25
            08 0B 0F 11 0A 43
        Processing struct 01 at 13:4C2B
            09 0B 0F 11 0A 43
    Processing element 11 with 02 structs at 13:4C31
        Processing struct 00 at 13:4C32
            0A 12 0F 0C 04 43
        Processing struct 01 at 13:4C38
            0A 04 2A 09 0E 41
    Processing element 12 with 02 structs at 13:4C3E
        Processing struct 00 at 13:4C3F
            08 0A 0E 24 0B 43
        Processing struct 01 at 13:4C45
            09 0A 0E 24 0B 43
    Processing element 13 with 02 structs at 13:4C4B
        Processing struct 00 at 13:4C4C
            08 0A 0E 0F 0C 43
        Processing struct 01 at 13:4C52
            09 0A 0E 0F 0C 43
    Processing element 14 with 02 structs at 13:4C58
        Processing struct 00 at 13:4C59
            08 0B 0E 26 1D 43
        Processing struct 01 at 13:4C5F
            09 0B 0E 26 1D 43
    Processing element 15 with 02 structs at 13:4C65
        Processing struct 00 at 13:4C66
            08 0A 0E 0A 0B 43
        Processing struct 01 at 13:4C6C
            09 0A 0E 0A 0B 43
    Processing element 16 with 02 structs at 13:4C72
        Processing struct 00 at 13:4C73
            08 0A 0E 07 18 43
        Processing struct 01 at 13:4C79
            09 0A 0E 07 18 43
    Processing element 17 with 03 structs at 13:4C7F
        Processing struct 00 at 13:4C80
            10 26 0C 13 06 03
        Processing struct 01 at 13:4C86
            11 26 0C 13 06 03
        Processing struct 02 at 13:4C8C
            1F 05 18 0D 29 01
    Processing element 18 with 08 structs at 13:4C92
        Processing struct 00 at 13:4C93
            0C 29 17 1F 05 03
        Processing struct 01 at 13:4C99
            0D 29 17 1F 05 03
        Processing struct 02 at 13:4C9F
            13 16 19 0A 0B 41
        Processing struct 03 at 13:4CA5
            10 19 1A 0D 0B 41
        Processing struct 04 at 13:4CAB
            08 19 1B 08 0F 41
        Processing struct 05 at 13:4CB1
            0A 13 1C 09 0B 41
        Processing struct 06 at 13:4CB7
            0D 05 0D 0D 26 01
        Processing struct 07 at 13:4CBD
            10 13 23 09 0C 41
    Processing element 19 with 03 structs at 13:4CC3
        Processing struct 00 at 13:4CC4
            09 0B 18 13 16 43
        Processing struct 01 at 13:4CCA
            0A 0B 18 13 16 43
        Processing struct 02 at 13:4CD0
            0B 0B 18 13 16 43
    Processing element 1A with 03 structs at 13:4CD6
        Processing struct 00 at 13:4CD7
            0C 0B 18 10 19 43
        Processing struct 01 at 13:4CDD
            0D 0B 18 10 19 43
        Processing struct 02 at 13:4CE3
            0E 0B 18 10 19 43
    Processing element 1B with 03 structs at 13:4CE9
        Processing struct 00 at 13:4CEA
            07 0F 18 08 19 43
        Processing struct 01 at 13:4CF0
            08 0F 18 08 19 43
        Processing struct 02 at 13:4CF6
            09 0F 18 08 19 43
    Processing element 1C with 02 structs at 13:4CFC
        Processing struct 00 at 13:4CFD
            09 0B 18 0A 13 43
        Processing struct 01 at 13:4D03
            0A 0B 18 0A 13 43
    Processing element 1D with 02 structs at 13:4D09
        Processing struct 00 at 13:4D0A
            09 0C 02 18 0B 43
        Processing struct 01 at 13:4D10
            0A 0C 02 18 0B 43
    Processing element 1E with 00 structs at 13:4D16
    Processing element 1F with 02 structs at 13:4D17
        Processing struct 00 at 13:4D18
            0D 07 20 08 0D 11
        Processing struct 01 at 13:4D1E
            0A 0F 02 0D 07 43
    Processing element 20 with 02 structs at 13:4D24
        Processing struct 00 at 13:4D25
            08 08 27 17 06 03
        Processing struct 01 at 13:4D2B
            08 0D 1F 0D 07 13
    Processing element 21 with 01 structs at 13:4D31
        Processing struct 00 at 13:4D32
            09 12 0E 2B 1E 13
    Processing element 22 with 02 structs at 13:4D38
        Processing struct 00 at 13:4D39
            09 12 0E 2B 1E 13
        Processing struct 01 at 13:4D3F
            09 06 26 17 11 01
    Processing element 23 with 02 structs at 13:4D45
        Processing struct 00 at 13:4D46
            09 0C 18 10 13 43
        Processing struct 01 at 13:4D4C
            0A 0C 18 10 13 43
    Processing element 24 with 00 structs at 13:4D52
    Processing element 25 with 03 structs at 13:4D53
        Processing struct 00 at 13:4D54
            07 04 26 08 1D 01
        Processing struct 01 at 13:4D5A
            15 08 27 09 20 01
        Processing struct 02 at 13:4D60
            0A 09 29 0E 0B 41
    Processing element 26 with 02 structs at 13:4D66
        Processing struct 00 at 13:4D67
            17 11 22 09 06 03
        Processing struct 01 at 13:4D6D
            08 1D 25 07 04 03
    Processing element 27 with 02 structs at 13:4D73
        Processing struct 00 at 13:4D74
            09 20 25 15 08 03
        Processing struct 01 at 13:4D7A
            17 06 20 08 08 01
    Processing element 28 with 00 structs at 13:4D80
    Processing element 29 with 03 structs at 13:4D81
        Processing struct 00 at 13:4D82
            0D 0B 25 0A 09 43
        Processing struct 01 at 13:4D88
            0E 0B 25 0A 09 43
        Processing struct 02 at 13:4D8E
            0F 0B 25 0A 09 43
    Processing element 2A with 01 structs at 13:4D94
        Processing struct 00 at 13:4D95
            09 0E 11 0A 04 43
    Processing element 2B with 00 structs at 13:4D9B
Processing entry 02 table 13:4DA8
    Elements: 27
    Processing element 00 with 05 structs at 13:4DF6
        Processing struct 00 at 13:4DF7
            13 12 01 08 04 03
        Processing struct 01 at 13:4DFD
            14 12 01 08 04 03
        Processing struct 02 at 13:4E03
            15 12 01 08 04 03
        Processing struct 03 at 13:4E09
            05 0B 02 24 31 04
        Processing struct 04 at 13:4E0F
            05 0C 02 24 32 04
    Processing element 01 with 01 structs at 13:4E15
        Processing struct 00 at 13:4E16
            08 04 00 14 12 41
    Processing element 02 with 0A structs at 13:4E1C
        Processing struct 00 at 13:4E1D
            24 31 00 05 0B 02
        Processing struct 01 at 13:4E23
            24 32 00 05 0C 02
        Processing struct 02 at 13:4E29
            0F 05 05 0F 2A 01
        Processing struct 03 at 13:4E2F
            10 05 05 10 2A 01
        Processing struct 04 at 13:4E35
            24 20 17 05 09 02
        Processing struct 05 at 13:4E3B
            24 21 17 05 0A 02
        Processing struct 06 at 13:4E41
            05 1B 0E 29 10 04
        Processing struct 07 at 13:4E47
            05 1C 0E 29 11 04
        Processing struct 08 at 13:4E4D
            17 15 21 14 21 01
        Processing struct 09 at 13:4E53
            18 15 21 14 21 01
    Processing element 03 with 02 structs at 13:4E59
        Processing struct 00 at 13:4E5A
            0B 0E 23 09 05 03
        Processing struct 01 at 13:4E60
            0B 14 21 14 16 13
    Processing element 04 with 01 structs at 13:4E66
        Processing struct 00 at 13:4E67
            0A 15 21 14 04 43
    Processing element 05 with 07 structs at 13:4E6D
        Processing struct 00 at 13:4E6E
            0F 2A 02 0F 05 03
        Processing struct 01 at 13:4E74
            10 2A 02 10 05 03
        Processing struct 02 at 13:4E7A
            0C 04 18 1C 1B 01
        Processing struct 03 at 13:4E80
            0D 04 18 1D 1B 01
        Processing struct 04 at 13:4E86
            13 1B 26 06 1B 03
        Processing struct 05 at 13:4E8C
            17 07 26 0A 07 03
        Processing struct 06 at 13:4E92
            1D 06 26 10 05 03
    Processing element 06 with 09 structs at 13:4E98
        Processing struct 00 at 13:4E99
            05 0D 17 2A 07 04
        Processing struct 01 at 13:4E9F
            05 0E 17 2A 08 04
        Processing struct 02 at 13:4EA5
            1A 13 07 09 0C 41
        Processing struct 03 at 13:4EAB
            17 0A 09 0A 0D 41
        Processing struct 04 at 13:4EB1
            18 0A 09 0A 0D 41
        Processing struct 05 at 13:4EB7
            11 09 0A 0D 0E 41
        Processing struct 06 at 13:4EBD
            14 07 0B 0A 0C 41
        Processing struct 07 at 13:4EC3
            1C 0A 0C 07 0C 41
        Processing struct 08 at 13:4EC9
            12 13 0D 0A 0B 41
    Processing element 07 with 03 structs at 13:4ECF
        Processing struct 00 at 13:4ED0
            08 0C 06 1A 13 43
        Processing struct 01 at 13:4ED6
            09 0C 06 1A 13 43
        Processing struct 02 at 13:4EDC
            0A 0C 06 1A 13 43
    Processing element 08 with 00 structs at 13:4EE2
    Processing element 09 with 03 structs at 13:4EE3
        Processing struct 00 at 13:4EE4
            09 0D 06 18 0A 43
        Processing struct 01 at 13:4EEA
            0A 0D 06 18 0A 43
        Processing struct 02 at 13:4EF0
            0B 0D 06 18 0A 43
    Processing element 0A with 03 structs at 13:4EF6
        Processing struct 00 at 13:4EF7
            0C 0E 06 11 09 43
        Processing struct 01 at 13:4EFD
            0D 0E 06 11 09 43
        Processing struct 02 at 13:4F03
            0E 0E 06 11 09 43
    Processing element 0B with 01 structs at 13:4F09
        Processing struct 00 at 13:4F0A
            0A 0C 06 14 07 43
    Processing element 0C with 01 structs at 13:4F10
        Processing struct 00 at 13:4F11
            07 0C 06 1C 0A 43
    Processing element 0D with 01 structs at 13:4F17
        Processing struct 00 at 13:4F18
            0A 0B 06 12 13 43
    Processing element 0E with 06 structs at 13:4F1E
        Processing struct 00 at 13:4F1F
            29 10 02 05 1B 02
        Processing struct 01 at 13:4F25
            29 11 02 05 1C 02
        Processing struct 02 at 13:4F2B
            1F 1C 0E 22 1B 52
        Processing struct 03 at 13:4F31
            22 1B 0E 1F 1C 54
        Processing struct 04 at 13:4F37
            05 0A 0F 20 18 04
        Processing struct 05 at 13:4F3D
            05 0B 0F 20 19 04
    Processing element 0F with 0A structs at 13:4F43
        Processing struct 00 at 13:4F44
            20 18 0E 05 0A 02
        Processing struct 01 at 13:4F4A
            20 19 0E 05 0B 02
        Processing struct 02 at 13:4F50
            11 14 10 0D 0E 41
        Processing struct 03 at 13:4F56
            09 12 11 07 0C 41
        Processing struct 04 at 13:4F5C
            0A 12 11 08 0C 41
        Processing struct 05 at 13:4F62
            0E 07 12 0A 0D 41
        Processing struct 06 at 13:4F68
            0F 07 12 0A 0D 41
        Processing struct 07 at 13:4F6E
            0A 0B 14 0A 0C 41
        Processing struct 08 at 13:4F74
            13 0C 15 07 0C 41
        Processing struct 09 at 13:4F7A
            16 0D 16 0A 0B 41
    Processing element 10 with 03 structs at 13:4F80
        Processing struct 00 at 13:4F81
            0C 0E 0F 11 14 43
        Processing struct 01 at 13:4F87
            0D 0E 0F 11 14 43
        Processing struct 02 at 13:4F8D
            0E 0E 0F 11 14 43
    Processing element 11 with 02 structs at 13:4F93
        Processing struct 00 at 13:4F94
            07 0C 0F 09 12 43
        Processing struct 01 at 13:4F9A
            08 0C 0F 0A 12 43
    Processing element 12 with 03 structs at 13:4FA0
        Processing struct 00 at 13:4FA1
            09 0D 0F 0E 07 43
        Processing struct 01 at 13:4FA7
            0A 0D 0F 0E 07 43
        Processing struct 02 at 13:4FAD
            0B 0D 0F 0E 07 43
    Processing element 13 with 00 structs at 13:4FB3
    Processing element 14 with 01 structs at 13:4FB4
        Processing struct 00 at 13:4FB5
            0A 0C 0F 0A 0B 43
    Processing element 15 with 01 structs at 13:4FBB
        Processing struct 00 at 13:4FBC
            07 0C 0F 13 0C 43
    Processing element 16 with 01 structs at 13:4FC2
        Processing struct 00 at 13:4FC3
            0A 0B 0F 16 0D 43
    Processing element 17 with 04 structs at 13:4FC9
        Processing struct 00 at 13:4FCA
            05 09 02 24 20 04
        Processing struct 01 at 13:4FD0
            05 0A 02 24 21 04
        Processing struct 02 at 13:4FD6
            2A 07 06 05 0D 02
        Processing struct 03 at 13:4FDC
            2A 08 06 05 0E 02
    Processing element 18 with 0B structs at 13:4FE2
        Processing struct 00 at 13:4FE3
            1C 1B 05 0C 04 03
        Processing struct 01 at 13:4FE9
            1D 1B 05 0D 04 03
        Processing struct 02 at 13:4FEF
            18 10 19 09 0F 41
        Processing struct 03 at 13:4FF5
            21 0D 1A 08 0E 41
        Processing struct 04 at 13:4FFB
            13 09 1B 0D 0E 41
        Processing struct 05 at 13:5001
            14 09 1B 0D 0E 41
        Processing struct 06 at 13:5007
            1D 0B 1C 0A 0D 41
        Processing struct 07 at 13:500D
            1E 0B 1C 0A 0D 41
        Processing struct 08 at 13:5013
            18 06 1E 0A 0C 41
        Processing struct 09 at 13:5019
            1B 05 1F 07 0C 41
        Processing struct 0A at 13:501F
            24 09 20 0A 0B 41
    Processing element 19 with 03 structs at 13:5025
        Processing struct 00 at 13:5026
            08 0F 18 18 10 43
        Processing struct 01 at 13:502C
            09 0F 18 18 10 43
        Processing struct 02 at 13:5032
            0A 0F 18 18 10 43
    Processing element 1A with 03 structs at 13:5038
        Processing struct 00 at 13:5039
            07 0E 18 21 0D 43
        Processing struct 01 at 13:503F
            08 0E 18 21 0D 43
        Processing struct 02 at 13:5045
            09 0E 18 21 0D 43
    Processing element 1B with 03 structs at 13:504B
        Processing struct 00 at 13:504C
            0C 0E 18 13 09 43
        Processing struct 01 at 13:5052
            0D 0E 18 13 09 43
        Processing struct 02 at 13:5058
            0E 0E 18 13 09 43
    Processing element 1C with 03 structs at 13:505E
        Processing struct 00 at 13:505F
            09 0D 18 1D 0B 43
        Processing struct 01 at 13:5065
            0A 0D 18 1D 0B 43
        Processing struct 02 at 13:506B
            0B 0D 18 1D 0B 43
    Processing element 1D with 00 structs at 13:5071
    Processing element 1E with 01 structs at 13:5072
        Processing struct 00 at 13:5073
            0A 0C 18 18 06 43
    Processing element 1F with 01 structs at 13:5079
        Processing struct 00 at 13:507A
            07 0C 18 1B 05 43
    Processing element 20 with 01 structs at 13:5080
        Processing struct 00 at 13:5081
            0A 0B 18 24 09 43
    Processing element 21 with 07 structs at 13:5087
        Processing struct 00 at 13:5088
            14 21 02 17 15 03
        Processing struct 01 at 13:508E
            14 04 04 0A 15 41
        Processing struct 02 at 13:5094
            11 14 23 04 0A 02
        Processing struct 03 at 13:509A
            17 14 23 0E 0A 04
        Processing struct 04 at 13:50A0
            14 08 24 09 05 03
        Processing struct 05 at 13:50A6
            14 16 03 0B 14 11
        Processing struct 06 at 13:50AC
            1C 1A 25 09 0F 41
    Processing element 22 with 00 structs at 13:50B2
    Processing element 23 with 03 structs at 13:50B3
        Processing struct 00 at 13:50B4
            04 0A 21 11 14 04
        Processing struct 01 at 13:50BA
            0E 0A 21 17 14 02
        Processing struct 02 at 13:50C0
            09 05 03 0B 0E 01
    Processing element 24 with 01 structs at 13:50C6
        Processing struct 00 at 13:50C7
            09 05 21 14 08 01
    Processing element 25 with 03 structs at 13:50CD
        Processing struct 00 at 13:50CE
            08 0F 21 1C 1A 43
        Processing struct 01 at 13:50D4
            09 0F 21 1C 1A 43
        Processing struct 02 at 13:50DA
            0A 0F 21 1C 1A 43
    Processing element 26 with 03 structs at 13:50E0
        Processing struct 00 at 13:50E1
            06 1B 05 13 1B 03
        Processing struct 01 at 13:50E7
            0A 07 05 17 07 03
        Processing struct 02 at 13:50ED
            10 05 05 1D 06 03
Processing entry 03 table 13:50F3
    Elements: 1A
    Processing element 00 with 09 structs at 13:5127
        Processing struct 00 at 13:5128
            05 16 10 12 05 04
        Processing struct 01 at 13:512E
            05 17 10 12 06 04
        Processing struct 02 at 13:5134
            20 04 07 06 1B 01
        Processing struct 03 at 13:513A
            1F 1B 01 09 0F 41
        Processing struct 04 at 13:5140
            19 1A 02 09 0B 41
        Processing struct 05 at 13:5146
            12 1B 03 09 0C 41
        Processing struct 06 at 13:514C
            12 14 04 0A 0F 41
        Processing struct 07 at 13:5152
            19 13 05 09 0C 41
        Processing struct 08 at 13:5158
            22 12 06 08 12 41
    Processing element 01 with 03 structs at 13:515E
        Processing struct 00 at 13:515F
            08 0F 00 1F 1B 43
        Processing struct 01 at 13:5165
            09 0F 00 1F 1B 43
        Processing struct 02 at 13:516B
            0A 0F 00 1F 1B 43
    Processing element 02 with 02 structs at 13:5171
        Processing struct 00 at 13:5172
            08 0B 00 19 1A 43
        Processing struct 01 at 13:5178
            09 0B 00 19 1A 43
    Processing element 03 with 03 structs at 13:517E
        Processing struct 00 at 13:517F
            08 0C 00 12 1B 43
        Processing struct 01 at 13:5185
            09 0C 00 12 1B 43
        Processing struct 02 at 13:518B
            0A 0C 00 12 1B 43
    Processing element 04 with 03 structs at 13:5191
        Processing struct 00 at 13:5192
            09 0F 00 12 14 43
        Processing struct 01 at 13:5198
            0A 0F 00 12 14 43
        Processing struct 02 at 13:519E
            0B 0F 00 12 14 43
    Processing element 05 with 02 structs at 13:51A4
        Processing struct 00 at 13:51A5
            09 0C 00 19 13 43
        Processing struct 01 at 13:51AB
            0A 0C 00 19 13 43
    Processing element 06 with 02 structs at 13:51B1
        Processing struct 00 at 13:51B2
            08 12 00 22 12 43
        Processing struct 01 at 13:51B8
            09 12 00 22 12 43
    Processing element 07 with 07 structs at 13:51BE
        Processing struct 00 at 13:51BF
            06 1B 00 20 04 03
        Processing struct 01 at 13:51C5
            2A 0C 08 05 14 02
        Processing struct 02 at 13:51CB
            2A 0D 08 05 15 02
        Processing struct 03 at 13:51D1
            0F 08 07 12 08 52
        Processing struct 04 at 13:51D7
            12 08 07 0F 08 54
        Processing struct 05 at 13:51DD
            22 04 07 25 04 52
        Processing struct 06 at 13:51E3
            25 04 07 22 04 54
    Processing element 08 with 07 structs at 13:51E9
        Processing struct 00 at 13:51EA
            1F 04 0F 0D 23 01
        Processing struct 01 at 13:51F0
            05 14 07 2A 0C 04
        Processing struct 02 at 13:51F6
            05 15 07 2A 0D 04
        Processing struct 03 at 13:51FC
            18 0E 08 18 0B 51
        Processing struct 04 at 13:5202
            18 0B 08 18 0E 53
        Processing struct 05 at 13:5208
            0B 0B 09 0D 0B 41
        Processing struct 06 at 13:520E
            1A 09 16 0B 25 03
    Processing element 09 with 03 structs at 13:5214
        Processing struct 00 at 13:5215
            0C 0B 08 0B 0B 43
        Processing struct 01 at 13:521B
            0D 0B 08 0B 0B 43
        Processing struct 02 at 13:5221
            0E 0B 08 0B 0B 43
    Processing element 0A with 0C structs at 13:5227
        Processing struct 00 at 13:5228
            11 04 0B 16 2B 01
        Processing struct 01 at 13:522E
            16 04 0B 1B 2B 01
        Processing struct 02 at 13:5234
            17 04 0B 1C 2B 01
        Processing struct 03 at 13:523A
            12 19 0F 12 05 03
        Processing struct 04 at 13:5240
            13 19 0F 13 05 03
        Processing struct 05 at 13:5246
            1B 19 0F 1B 05 03
        Processing struct 06 at 13:524C
            1C 19 0F 1C 05 03
        Processing struct 07 at 13:5252
            1D 19 0F 1D 05 03
        Processing struct 08 at 13:5258
            1D 0B 16 1D 09 03
        Processing struct 09 at 13:525E
            05 07 16 05 05 03
        Processing struct 0A at 13:5264
            1B 12 0A 1B 0F 51
        Processing struct 0B at 13:526A
            1B 0F 0A 1B 12 53
    Processing element 0B with 05 structs at 13:5270
        Processing struct 00 at 13:5271
            16 2B 0A 11 04 03
        Processing struct 01 at 13:5277
            1B 2B 0A 16 04 03
        Processing struct 02 at 13:527D
            1C 2B 0A 17 04 03
        Processing struct 03 at 13:5283
            0C 0E 11 07 0C 01
        Processing struct 04 at 13:5289
            0D 0E 11 08 0C 01
    Processing element 0C with 02 structs at 13:528F
        Processing struct 00 at 13:5290
            06 0B 12 06 0A 43
        Processing struct 01 at 13:5296
            0B 0B 12 0B 0A 43
    Processing element 0D with 02 structs at 13:529C
        Processing struct 00 at 13:529D
            08 0C 13 07 0B 03
        Processing struct 01 at 13:52A3
            09 0C 13 08 0B 03
    Processing element 0E with 01 structs at 13:52A9
        Processing struct 00 at 13:52AA
            0A 12 15 06 05 13
    Processing element 0F with 08 structs at 13:52B0
        Processing struct 00 at 13:52B1
            0D 23 08 1F 04 03
        Processing struct 01 at 13:52B7
            12 05 0A 12 19 01
        Processing struct 02 at 13:52BD
            13 05 0A 13 19 01
        Processing struct 03 at 13:52C3
            1B 05 0A 1B 19 01
        Processing struct 04 at 13:52C9
            1C 05 0A 1C 19 01
        Processing struct 05 at 13:52CF
            1D 05 0A 1D 19 01
        Processing struct 06 at 13:52D5
            1E 19 16 1E 1F 03
        Processing struct 07 at 13:52DB
            0F 12 16 0F 18 03
    Processing element 10 with 02 structs at 13:52E1
        Processing struct 00 at 13:52E2
            12 05 00 05 16 02
        Processing struct 01 at 13:52E8
            12 06 00 05 17 02
    Processing element 11 with 04 structs at 13:52EE
        Processing struct 00 at 13:52EF
            07 0C 0B 0C 0E 03
        Processing struct 01 at 13:52F5
            08 0C 0B 0D 0E 03
        Processing struct 02 at 13:52FB
            07 04 12 08 1C 01
        Processing struct 03 at 13:5301
            08 04 12 09 1C 01
    Processing element 12 with 0B structs at 13:5307
        Processing struct 00 at 13:5308
            08 1C 11 07 04 03
        Processing struct 01 at 13:530E
            09 1C 11 08 04 03
        Processing struct 02 at 13:5314
            06 0A 0C 06 0B 41
        Processing struct 03 at 13:531A
            0B 0A 0C 0B 0B 41
        Processing struct 04 at 13:5320
            08 14 13 08 14 13
        Processing struct 05 at 13:5326
            19 0A 18 18 08 11
        Processing struct 06 at 13:532C
            0B 0D 13 0B 0D 23
        Processing struct 07 at 13:5332
            19 0D 13 19 0D 23
        Processing struct 08 at 13:5338
            0E 10 13 0E 10 23
        Processing struct 09 at 13:533E
            0E 17 13 0E 17 23
        Processing struct 0A at 13:5344
            19 19 13 19 19 23
    Processing element 13 with 09 structs at 13:534A
        Processing struct 00 at 13:534B
            08 14 12 08 14 11
        Processing struct 01 at 13:5351
            07 0B 0D 08 0C 01
        Processing struct 02 at 13:5357
            08 0B 0D 09 0C 01
        Processing struct 03 at 13:535D
            1C 14 14 05 15 02
        Processing struct 04 at 13:5363
            17 06 17 18 09 13
        Processing struct 05 at 13:5369
            0E 06 17 0F 06 23
        Processing struct 06 at 13:536F
            16 13 17 17 13 23
        Processing struct 07 at 13:5375
            05 1A 17 05 1A 23
        Processing struct 08 at 13:537B
            12 1A 17 14 1A 23
    Processing element 14 with 02 structs at 13:5381
        Processing struct 00 at 13:5382
            05 15 13 1C 14 04
        Processing struct 01 at 13:5388
            0A 04 15 06 10 11
    Processing element 15 with 02 structs at 13:538E
        Processing struct 00 at 13:538F
            06 10 14 0A 04 13
        Processing struct 01 at 13:5395
            06 05 0E 0A 12 11
    Processing element 16 with 05 structs at 13:539B
        Processing struct 00 at 13:539C
            0B 25 08 1A 09 03
        Processing struct 01 at 13:53A2
            1E 1F 0F 1E 19 03
        Processing struct 02 at 13:53A8
            0F 18 0F 0F 12 01
        Processing struct 03 at 13:53AE
            1D 09 0A 1D 0B 03
        Processing struct 04 at 13:53B4
            05 05 0A 05 07 03
    Processing element 17 with 05 structs at 13:53BA
        Processing struct 00 at 13:53BB
            18 09 13 17 06 14
        Processing struct 01 at 13:53C1
            0C 09 17 0F 09 51
        Processing struct 02 at 13:53C7
            0F 09 17 0C 09 51
        Processing struct 03 at 13:53CD
            0F 1A 17 12 1A 52
        Processing struct 04 at 13:53D3
            12 1A 17 0F 1A 54
    Processing element 18 with 05 structs at 13:53D9
        Processing struct 00 at 13:53DA
            18 08 12 19 0A 13
        Processing struct 01 at 13:53E0
            05 05 19 06 0B 41
        Processing struct 02 at 13:53E6
            0A 05 19 0B 0B 41
        Processing struct 03 at 13:53EC
            05 0A 12 0A 0C 23
        Processing struct 04 at 13:53F2
            12 0A 12 15 0C 23
    Processing element 19 with 02 structs at 13:53F8
        Processing struct 00 at 13:53F9
            06 0B 18 05 05 43
        Processing struct 01 at 13:53FF
            0B 0B 18 0A 05 43
Processing entry 04 table 13:5405
    Elements: 1E
    Processing element 00 with 01 structs at 13:5441
        Processing struct 00 at 13:5442
            09 04 12 0E 21 01
    Processing element 01 with 11 structs at 13:5448
        Processing struct 00 at 13:5449
            1B 27 12 0E 04 03
        Processing struct 01 at 13:544F
            0D 12 03 09 0F 41
        Processing struct 02 at 13:5455
            22 1D 04 09 10 41
        Processing struct 03 at 13:545B
            24 11 05 0A 0E 41
        Processing struct 04 at 13:5461
            0A 12 06 0A 0C 41
        Processing struct 05 at 13:5467
            17 1E 07 08 12 41
        Processing struct 06 at 13:546D
            14 1D 08 08 0C 41
        Processing struct 07 at 13:5473
            25 1B 09 0A 0F 41
        Processing struct 08 at 13:5479
            10 18 0A 08 0D 41
        Processing struct 09 at 13:547F
            11 0F 0B 09 0C 41
        Processing struct 0A at 13:5485
            14 0B 0C 0A 0C 41
        Processing struct 0B at 13:548B
            17 0D 0D 07 0C 41
        Processing struct 0C at 13:5491
            21 0C 0E 0A 0B 41
        Processing struct 0D at 13:5497
            27 13 13 08 0B 41
        Processing struct 0E at 13:549D
            2E 16 0F 05 06 02
        Processing struct 0F at 13:54A3
            05 18 10 2A 10 04
        Processing struct 10 at 13:54A9
            1C 04 11 0B 19 01
    Processing element 02 with 00 structs at 13:54AF
    Processing element 03 with 03 structs at 13:54B0
        Processing struct 00 at 13:54B1
            08 0F 01 0D 12 43
        Processing struct 01 at 13:54B7
            09 0F 01 0D 12 43
        Processing struct 02 at 13:54BD
            0A 0F 01 0D 12 43
    Processing element 04 with 02 structs at 13:54C3
        Processing struct 00 at 13:54C4
            09 10 01 22 1D 43
        Processing struct 01 at 13:54CA
            0A 10 01 22 1D 43
    Processing element 05 with 03 structs at 13:54D0
        Processing struct 00 at 13:54D1
            09 0E 01 24 11 43
        Processing struct 01 at 13:54D7
            0A 0E 01 24 11 43
        Processing struct 02 at 13:54DD
            0B 0E 01 24 11 43
    Processing element 06 with 02 structs at 13:54E3
        Processing struct 00 at 13:54E4
            0A 0C 01 0A 12 43
        Processing struct 01 at 13:54EA
            0B 0C 01 0A 12 43
    Processing element 07 with 02 structs at 13:54F0
        Processing struct 00 at 13:54F1
            08 12 01 17 1E 43
        Processing struct 01 at 13:54F7
            09 12 01 17 1E 43
    Processing element 08 with 02 structs at 13:54FD
        Processing struct 00 at 13:54FE
            08 0C 01 14 1D 43
        Processing struct 01 at 13:5504
            09 0C 01 14 1D 43
    Processing element 09 with 03 structs at 13:550A
        Processing struct 00 at 13:550B
            09 0F 01 25 1B 43
        Processing struct 01 at 13:5511
            0A 0F 01 25 1B 43
        Processing struct 02 at 13:5517
            0B 0F 01 25 1B 43
    Processing element 0A with 02 structs at 13:551D
        Processing struct 00 at 13:551E
            08 0D 01 10 18 43
        Processing struct 01 at 13:5524
            09 0D 01 10 18 43
    Processing element 0B with 01 structs at 13:552A
        Processing struct 00 at 13:552B
            09 0C 01 11 0F 43
    Processing element 0C with 01 structs at 13:5531
        Processing struct 00 at 13:5532
            0A 0C 01 14 0B 43
    Processing element 0D with 01 structs at 13:5538
        Processing struct 00 at 13:5539
            07 0C 01 17 0D 43
    Processing element 0E with 01 structs at 13:553F
        Processing struct 00 at 13:5540
            0A 0B 01 21 0C 43
    Processing element 0F with 02 structs at 13:5546
        Processing struct 00 at 13:5547
            05 06 01 2E 16 04
        Processing struct 01 at 13:554D
            2A 07 15 05 10 02
    Processing element 10 with 0E structs at 13:5553
        Processing struct 00 at 13:5554
            2A 10 01 05 18 02
        Processing struct 01 at 13:555A
            05 12 18 20 24 04
        Processing struct 02 at 13:5560
            20 04 10 1B 04 54
        Processing struct 03 at 13:5566
            1B 04 10 20 04 52
        Processing struct 04 at 13:556C
            18 0F 10 17 12 53
        Processing struct 05 at 13:5572
            17 12 10 18 0F 51
        Processing struct 06 at 13:5578
            13 18 10 14 1A 53
        Processing struct 07 at 13:557E
            14 1A 10 13 18 51
        Processing struct 08 at 13:5584
            11 14 10 11 11 51
        Processing struct 09 at 13:558A
            11 11 10 11 14 53
        Processing struct 0A at 13:5590
            10 19 10 0D 19 54
        Processing struct 0B at 13:5596
            0D 19 10 10 19 52
        Processing struct 0C at 13:559C
            08 08 10 07 05 51
        Processing struct 0D at 13:55A2
            07 05 10 08 08 53
    Processing element 11 with 06 structs at 13:55A8
        Processing struct 00 at 13:55A9
            0B 19 01 1C 04 03
        Processing struct 01 at 13:55AF
            07 10 11 07 0B 31
        Processing struct 02 at 13:55B5
            07 0B 11 07 10 33
        Processing struct 03 at 13:55BB
            14 0E 11 13 09 31
        Processing struct 04 at 13:55C1
            13 09 11 14 0E 33
        Processing struct 05 at 13:55C7
            0B 04 1A 12 26 01
    Processing element 12 with 02 structs at 13:55CD
        Processing struct 00 at 13:55CE
            0E 21 00 09 04 03
        Processing struct 01 at 13:55D4
            0E 04 01 1B 27 01
    Processing element 13 with 01 structs at 13:55DA
        Processing struct 00 at 13:55DB
            08 0B 01 27 13 43
    Processing element 14 with 00 structs at 13:55E1
    Processing element 15 with 03 structs at 13:55E2
        Processing struct 00 at 13:55E3
            05 10 0F 2A 07 04
        Processing struct 01 at 13:55E9
            0D 05 16 07 29 01
        Processing struct 02 at 13:55EF
            0E 05 16 08 29 01
    Processing element 16 with 11 structs at 13:55F5
        Processing struct 00 at 13:55F6
            07 29 15 0D 05 03
        Processing struct 01 at 13:55FC
            08 29 15 0E 05 03
        Processing struct 02 at 13:5602
            1F 04 17 07 15 01
        Processing struct 03 at 13:5608
            07 20 16 11 21 31
        Processing struct 04 at 13:560E
            11 21 16 07 20 33
        Processing struct 05 at 13:5614
            0C 22 16 07 19 33
        Processing struct 06 at 13:561A
            07 19 16 0C 22 31
        Processing struct 07 at 13:5620
            0F 18 16 21 1D 34
        Processing struct 08 at 13:5626
            21 1D 16 0F 18 34
        Processing struct 09 at 13:562C
            1F 22 16 23 18 34
        Processing struct 0A at 13:5632
            23 18 16 1F 22 34
        Processing struct 0B at 13:5638
            15 1C 16 20 0F 31
        Processing struct 0C at 13:563E
            20 0F 16 15 1C 31
        Processing struct 0D at 13:5644
            0B 1B 16 07 13 32
        Processing struct 0E at 13:564A
            07 13 16 0B 1B 34
        Processing struct 0F at 13:5650
            12 15 16 1A 0D 34
        Processing struct 10 at 13:5656
            1A 0D 16 12 15 32
    Processing element 17 with 02 structs at 13:565C
        Processing struct 00 at 13:565D
            07 15 16 1F 04 03
        Processing struct 01 at 13:5663
            07 06 0F 10 06 34
    Processing element 18 with 06 structs at 13:5669
        Processing struct 00 at 13:566A
            20 24 10 05 12 02
        Processing struct 01 at 13:5670
            16 05 19 09 13 01
        Processing struct 02 at 13:5676
            09 15 18 0B 18 52
        Processing struct 03 at 13:567C
            0B 18 18 09 15 54
        Processing struct 04 at 13:5682
            0F 0A 18 0B 09 54
        Processing struct 05 at 13:5688
            0B 09 18 0F 0A 52
    Processing element 19 with 01 structs at 13:568E
        Processing struct 00 at 13:568F
            09 13 18 16 05 03
    Processing element 1A with 08 structs at 13:5695
        Processing struct 00 at 13:5696
            12 26 11 0B 04 03
        Processing struct 01 at 13:569C
            16 05 1D 16 1E 01
        Processing struct 02 at 13:56A2
            17 05 1D 17 1E 01
        Processing struct 03 at 13:56A8
            1C 05 1D 1C 1E 01
        Processing struct 04 at 13:56AE
            1D 05 1D 1D 1E 01
        Processing struct 05 at 13:56B4
            18 18 1A 1B 15 52
        Processing struct 06 at 13:56BA
            1B 15 1A 18 18 54
        Processing struct 07 at 13:56C0
            1C 11 1C 14 2F 01
    Processing element 1B with 01 structs at 13:56C6
        Processing struct 00 at 13:56C7
            09 15 1D 09 06 03
    Processing element 1C with 0C structs at 13:56CD
        Processing struct 00 at 13:56CE
            14 2F 1A 1C 11 03
        Processing struct 01 at 13:56D4
            0E 20 1C 09 1E 54
        Processing struct 02 at 13:56DA
            09 1E 1C 0E 20 52
        Processing struct 03 at 13:56E0
            0F 16 1C 0B 15 54
        Processing struct 04 at 13:56E6
            0B 15 1C 0F 16 52
        Processing struct 05 at 13:56EC
            16 14 1C 18 10 51
        Processing struct 06 at 13:56F2
            18 10 1C 16 14 53
        Processing struct 07 at 13:56F8
            11 05 1C 0E 05 54
        Processing struct 08 at 13:56FE
            0E 05 1C 11 05 52
        Processing struct 09 at 13:5704
            05 29 1D 13 16 03
        Processing struct 0A at 13:570A
            24 0A 1D 1E 10 03
        Processing struct 0B at 13:5710
            05 06 1D 10 09 03
    Processing element 1D with 08 structs at 13:5716
        Processing struct 00 at 13:5717
            16 1E 1A 16 05 03
        Processing struct 01 at 13:571D
            17 1E 1A 17 05 03
        Processing struct 02 at 13:5723
            1C 1E 1A 1C 05 03
        Processing struct 03 at 13:5729
            1D 1E 1A 1D 05 03
        Processing struct 04 at 13:572F
            13 16 1C 05 29 01
        Processing struct 05 at 13:5735
            1E 10 1C 24 0A 01
        Processing struct 06 at 13:573B
            10 09 1C 05 06 01
        Processing struct 07 at 13:5741
            09 06 1B 09 15 01
Processing entry 05 table 13:5747
    Elements: 35
    Processing element 00 with 15 structs at 13:57B1
        Processing struct 00 at 13:57B2
            23 24 1D 07 05 03
        Processing struct 01 at 13:57B8
            24 24 1D 08 05 03
        Processing struct 02 at 13:57BE
            09 14 02 0A 0E 41
        Processing struct 03 at 13:57C4
            11 13 03 09 0C 41
        Processing struct 04 at 13:57CA
            12 13 03 09 0C 41
        Processing struct 05 at 13:57D0
            0A 1C 04 0A 0F 41
        Processing struct 06 at 13:57D6
            14 1C 05 08 12 41
        Processing struct 07 at 13:57DC
            17 15 06 08 0D 41
        Processing struct 08 at 13:57E2
            0C 15 07 09 0F 41
        Processing struct 09 at 13:57E8
            1A 13 08 09 0C 41
        Processing struct 0A at 13:57EE
            0E 1C 09 08 0B 41
        Processing struct 0B at 13:57F4
            18 0C 0A 07 0A 41
        Processing struct 0C at 13:57FA
            15 0E 0B 07 0B 41
        Processing struct 0D at 13:5800
            11 0C 0C 09 0A 41
        Processing struct 0E at 13:5806
            0E 0E 0D 0A 0A 41
        Processing struct 0F at 13:580C
            0B 0C 0E 09 0A 41
        Processing struct 10 at 13:5812
            14 1C 05 09 0A 41
        Processing struct 11 at 13:5818
            22 04 10 15 1D 01
        Processing struct 12 at 13:581E
            23 04 10 16 1D 01
        Processing struct 13 at 13:5824
            2A 17 1A 05 17 02
        Processing struct 14 at 13:582A
            2A 18 1A 05 18 02
    Processing element 01 with 00 structs at 13:5830
    Processing element 02 with 03 structs at 13:5831
        Processing struct 00 at 13:5832
            09 0E FF BA 5C 03
        Processing struct 01 at 13:5838
            0A 0E FF BA 5C 03
        Processing struct 02 at 13:583E
            0B 0E FF BA 5C 03
    Processing element 03 with 03 structs at 13:5844
        Processing struct 00 at 13:5845
            08 0C FF CC 5C 03
        Processing struct 01 at 13:584B
            09 0C FF CC 5C 03
        Processing struct 02 at 13:5851
            0A 0C FF CC 5C 03
    Processing element 04 with 03 structs at 13:5857
        Processing struct 00 at 13:5858
            09 0F FF DE 5C 03
        Processing struct 01 at 13:585E
            0A 0F FF DE 5C 03
        Processing struct 02 at 13:5864
            0B 0F FF DE 5C 03
    Processing element 05 with 03 structs at 13:586A
        Processing struct 00 at 13:586B
            08 12 FF F0 5C 03
        Processing struct 01 at 13:5871
            09 12 FF F0 5C 03
        Processing struct 02 at 13:5877
            09 0A FF 02 5D 03
    Processing element 06 with 02 structs at 13:587D
        Processing struct 00 at 13:587E
            08 0D FF 14 5D 03
        Processing struct 01 at 13:5884
            09 0D FF 14 5D 03
    Processing element 07 with 03 structs at 13:588A
        Processing struct 00 at 13:588B
            08 0F FF 26 5D 03
        Processing struct 01 at 13:5891
            09 0F FF 26 5D 03
        Processing struct 02 at 13:5897
            0A 0F FF 26 5D 03
    Processing element 08 with 02 structs at 13:589D
        Processing struct 00 at 13:589E
            09 0C FF 38 5D 03
        Processing struct 01 at 13:58A4
            0A 0C FF 38 5D 03
    Processing element 09 with 02 structs at 13:58AA
        Processing struct 00 at 13:58AB
            08 0B FF 4A 5D 03
        Processing struct 01 at 13:58B1
            09 0B FF 4A 5D 03
    Processing element 0A with 02 structs at 13:58B7
        Processing struct 00 at 13:58B8
            07 0A FF 5C 5D 03
        Processing struct 01 at 13:58BE
            08 0A FF 5C 5D 03
    Processing element 0B with 02 structs at 13:58C4
        Processing struct 00 at 13:58C5
            07 0B FF 6E 5D 03
        Processing struct 01 at 13:58CB
            08 0B FF 6E 5D 03
    Processing element 0C with 01 structs at 13:58D1
        Processing struct 00 at 13:58D2
            09 0A FF 80 5D 03
    Processing element 0D with 01 structs at 13:58D8
        Processing struct 00 at 13:58D9
            0A 0A FF 92 5D 03
    Processing element 0E with 01 structs at 13:58DF
        Processing struct 00 at 13:58E0
            09 0A FF A4 5D 03
    Processing element 0F with 15 structs at 13:58E6
        Processing struct 00 at 13:58E7
            23 24 1D 07 05 03
        Processing struct 01 at 13:58ED
            24 24 1D 08 05 03
        Processing struct 02 at 13:58F3
            09 14 02 0A 0E 41
        Processing struct 03 at 13:58F9
            11 13 03 09 0C 41
        Processing struct 04 at 13:58FF
            12 13 03 09 0C 41
        Processing struct 05 at 13:5905
            0A 1C 04 0A 0F 41
        Processing struct 06 at 13:590B
            14 1C 05 08 12 41
        Processing struct 07 at 13:5911
            17 15 06 08 0D 41
        Processing struct 08 at 13:5917
            0C 15 07 09 0F 41
        Processing struct 09 at 13:591D
            1A 13 08 09 0C 41
        Processing struct 0A at 13:5923
            0E 1C 09 08 0B 41
        Processing struct 0B at 13:5929
            18 0C 0A 07 0A 41
        Processing struct 0C at 13:592F
            15 0E 0B 07 0B 41
        Processing struct 0D at 13:5935
            11 0C 0C 09 0A 41
        Processing struct 0E at 13:593B
            0E 0E 0D 0A 0A 41
        Processing struct 0F at 13:5941
            0B 0C 0E 09 0A 41
        Processing struct 10 at 13:5947
            14 1C 05 09 0A 41
        Processing struct 11 at 13:594D
            22 04 10 15 1D 01
        Processing struct 12 at 13:5953
            23 04 10 16 1D 01
        Processing struct 13 at 13:5959
            2A 17 1A 05 17 02
        Processing struct 14 at 13:595F
            2A 18 1A 05 18 02
    Processing element 10 with 07 structs at 13:5965
        Processing struct 00 at 13:5966
            15 1D FF B6 5D 03
        Processing struct 01 at 13:596C
            16 1D FF C8 5D 03
        Processing struct 02 at 13:5972
            17 0B 10 13 0A 54
        Processing struct 03 at 13:5978
            13 0A 10 17 0B 52
        Processing struct 04 at 13:597E
            1E 04 2A 1E 27 01
        Processing struct 05 at 13:5984
            0D 04 2A 0D 27 01
        Processing struct 06 at 13:598A
            0E 04 2A 0E 27 01
    Processing element 11 with 05 structs at 13:5990
        Processing struct 00 at 13:5991
            0A 13 2A 0E 04 03
        Processing struct 01 at 13:5997
            08 08 2C 07 0B 41
        Processing struct 02 at 13:599D
            0D 0A 2D 07 0B 41
        Processing struct 03 at 13:59A3
            0B 04 30 0A 1D 01
        Processing struct 04 at 13:59A9
            05 0B 1F 2A 06 04
    Processing element 12 with 01 structs at 13:59AF
        Processing struct 00 at 13:59B0
            0D 01 FF DA 5D 02
    Processing element 13 with 00 structs at 13:59B6
    Processing element 14 with 01 structs at 13:59B7
        Processing struct 00 at 13:59B8
            0C 17 FF E6 5D 02
    Processing element 15 with 02 structs at 13:59BE
        Processing struct 00 at 13:59BF
            17 09 FF F2 5D 02
        Processing struct 01 at 13:59C5
            17 0A FF F2 5D 02
    Processing element 16 with 01 structs at 13:59CB
        Processing struct 00 at 13:59CC
            0F 02 1F 10 06 01
    Processing element 17 with 01 structs at 13:59D2
        Processing struct 00 at 13:59D3
            0B 05 1F 06 2B 01
    Processing element 18 with 01 structs at 13:59D9
        Processing struct 00 at 13:59DA
            18 0A FF FE 5D 02
    Processing element 19 with 01 structs at 13:59E0
        Processing struct 00 at 13:59E1
            09 14 FF 0A 5E 02
    Processing element 1A with 06 structs at 13:59E7
        Processing struct 00 at 13:59E8
            05 17 FF 16 5E 03
        Processing struct 01 at 13:59EE
            05 18 FF 28 5E 03
        Processing struct 02 at 13:59F4
            09 04 2B 09 1F 01
        Processing struct 03 at 13:59FA
            0A 04 2B 0A 1F 01
        Processing struct 04 at 13:5A00
            0E 04 2B 0E 1F 01
        Processing struct 05 at 13:5A06
            0F 04 2B 0F 1F 01
    Processing element 1B with 02 structs at 13:5A0C
        Processing struct 00 at 13:5A0D
            09 0C 2B 28 0E 03
        Processing struct 01 at 13:5A13
            0A 06 22 09 08 23
    Processing element 1C with 01 structs at 13:5A19
        Processing struct 00 at 13:5A1A
            07 11 24 0E 04 03
    Processing element 1D with 02 structs at 13:5A20
        Processing struct 00 at 13:5A21
            07 05 FF 3A 5E 03
        Processing struct 01 at 13:5A27
            08 05 FF 4C 5E 03
    Processing element 1E with 09 structs at 13:5A2D
        Processing struct 00 at 13:5A2E
            24 20 2C 06 06 01
        Processing struct 01 at 13:5A34
            05 0D 15 17 09 04
        Processing struct 02 at 13:5A3A
            1D 04 14 0C 17 01
        Processing struct 03 at 13:5A40
            1D 0D 1E 1F 0D 52
        Processing struct 04 at 13:5A46
            1F 0D 1E 1D 0D 54
        Processing struct 05 at 13:5A4C
            1E 16 1E 20 16 51
        Processing struct 06 at 13:5A52
            20 16 1E 1E 16 53
        Processing struct 07 at 13:5A58
            1B 19 1E 1D 19 52
        Processing struct 08 at 13:5A5E
            1D 19 1E 1B 19 54
    Processing element 1F with 03 structs at 13:5A64
        Processing struct 00 at 13:5A65
            2A 06 11 05 0B 02
        Processing struct 01 at 13:5A6B
            10 06 16 0F 02 03
        Processing struct 02 at 13:5A71
            06 2B 17 0B 05 03
    Processing element 20 with 04 structs at 13:5A77
        Processing struct 00 at 13:5A78
            0F 03 2D 07 06 01
        Processing struct 01 at 13:5A7E
            1A 0B 12 0D 01 03
        Processing struct 02 at 13:5A84
            1C 24 19 09 14 03
        Processing struct 03 at 13:5A8A
            08 2B 18 18 0A 03
    Processing element 21 with 00 structs at 13:5A90
    Processing element 22 with 07 structs at 13:5A91
        Processing struct 00 at 13:5A92
            0A 04 26 06 08 01
        Processing struct 01 at 13:5A98
            0A 0C 23 0F 09 03
        Processing struct 02 at 13:5A9E
            06 08 23 0C 09 23
        Processing struct 03 at 13:5AA4
            0E 09 23 11 09 23
        Processing struct 04 at 13:5AAA
            07 0F 23 0B 0F 23
        Processing struct 05 at 13:5AB0
            0C 0F 23 12 0C 03
        Processing struct 06 at 13:5AB6
            03 0C 23 08 09 03
    Processing element 23 with 0C structs at 13:5ABC
        Processing struct 00 at 13:5ABD
            0F 09 22 0A 0C 01
        Processing struct 01 at 13:5AC3
            12 0C 22 0C 0F 01
        Processing struct 02 at 13:5AC9
            08 09 22 03 0C 01
        Processing struct 03 at 13:5ACF
            0E 07 23 10 07 52
        Processing struct 04 at 13:5AD5
            10 07 23 0E 07 54
        Processing struct 05 at 13:5ADB
            09 04 24 06 07 03
        Processing struct 06 at 13:5AE1
            06 0B 24 06 0F 03
        Processing struct 07 at 13:5AE7
            15 10 24 14 13 03
        Processing struct 08 at 13:5AED
            10 04 24 0F 0A 23
        Processing struct 09 at 13:5AF3
            13 04 24 12 0A 23
        Processing struct 0A at 13:5AF9
            08 11 24 08 15 23
        Processing struct 0B at 13:5AFF
            0B 11 24 0D 15 23
    Processing element 24 with 08 structs at 13:5B05
        Processing struct 00 at 13:5B06
            06 07 23 09 04 03
        Processing struct 01 at 13:5B0C
            06 0F 23 06 0B 03
        Processing struct 02 at 13:5B12
            14 13 23 15 10 01
        Processing struct 03 at 13:5B18
            0E 04 1C 07 11 01
        Processing struct 04 at 13:5B1E
            05 14 25 07 10 03
        Processing struct 05 at 13:5B24
            0D 13 25 12 11 03
        Processing struct 06 at 13:5B2A
            0D 0D 25 12 0F 23
        Processing struct 07 at 13:5B30
            09 13 25 0C 14 23
    Processing element 25 with 04 structs at 13:5B36
        Processing struct 00 at 13:5B37
            07 10 24 05 14 01
        Processing struct 01 at 13:5B3D
            12 11 24 0D 13 03
        Processing struct 02 at 13:5B43
            0C 08 25 0F 08 52
        Processing struct 03 at 13:5B49
            0F 08 25 0C 08 54
    Processing element 26 with 02 structs at 13:5B4F
        Processing struct 00 at 13:5B50
            06 08 22 0A 04 03
        Processing struct 01 at 13:5B56
            08 03 27 09 06 03
    Processing element 27 with 02 structs at 13:5B5C
        Processing struct 00 at 13:5B5D
            09 06 26 08 03 03
        Processing struct 01 at 13:5B63
            08 10 1B 09 08 23
    Processing element 28 with 04 structs at 13:5B69
        Processing struct 00 at 13:5B6A
            12 1F 2A 0D 22 03
        Processing struct 01 at 13:5B70
            1A 1A 2A 12 1E 02
        Processing struct 02 at 13:5B76
            08 08 2A 05 10 03
        Processing struct 03 at 13:5B7C
            1B 0C 2A 13 11 02
    Processing element 29 with 03 structs at 13:5B82
        Processing struct 00 at 13:5B83
            04 1E 2A 15 1E 04
        Processing struct 01 at 13:5B89
            17 09 2A 20 0B 03
        Processing struct 02 at 13:5B8F
            10 0D 2A 19 11 04
    Processing element 2A with 0D structs at 13:5B95
        Processing struct 00 at 13:5B96
            1E 27 10 1E 04 03
        Processing struct 01 at 13:5B9C
            0D 27 10 0D 04 03
        Processing struct 02 at 13:5BA2
            0E 27 10 0E 04 03
        Processing struct 03 at 13:5BA8
            1F 19 2A 1F 15 51
        Processing struct 04 at 13:5BAE
            1F 15 2A 1F 19 53
        Processing struct 05 at 13:5BB4
            0D 22 28 12 1F 01
        Processing struct 06 at 13:5BBA
            12 1E 28 1A 1A 04
        Processing struct 07 at 13:5BC0
            05 10 28 08 08 03
        Processing struct 08 at 13:5BC6
            13 11 28 1B 0C 04
        Processing struct 09 at 13:5BCC
            15 1E 29 04 1E 02
        Processing struct 0A at 13:5BD2
            20 0B 29 17 09 01
        Processing struct 0B at 13:5BD8
            19 11 29 10 0D 02
        Processing struct 0C at 13:5BDE
            0E 04 11 0A 13 01
    Processing element 2B with 07 structs at 13:5BE4
        Processing struct 00 at 13:5BE5
            09 1F 1A 09 04 03
        Processing struct 01 at 13:5BEB
            0A 1F 1A 0A 04 03
        Processing struct 02 at 13:5BF1
            0E 1F 1A 0E 04 03
        Processing struct 03 at 13:5BF7
            0F 1F 1A 0F 04 03
        Processing struct 04 at 13:5BFD
            12 07 2B 15 07 52
        Processing struct 05 at 13:5C03
            15 07 2B 12 07 54
        Processing struct 06 at 13:5C09
            28 0E 1B 09 0C 01
    Processing element 2C with 02 structs at 13:5C0F
        Processing struct 00 at 13:5C10
            07 0B 11 08 08 43
        Processing struct 01 at 13:5C16
            06 06 FF 5E 5E 02
    Processing element 2D with 02 structs at 13:5C1C
        Processing struct 00 at 13:5C1D
            07 0B 11 0D 0A 43
        Processing struct 01 at 13:5C23
            07 06 FF 6A 5E 02
    Processing element 2E with 04 structs at 13:5C29
        Processing struct 00 at 13:5C2A
            0F 03 2D 07 06 01
        Processing struct 01 at 13:5C30
            1A 0B 12 0D 01 03
        Processing struct 02 at 13:5C36
            1C 24 19 09 14 03
        Processing struct 03 at 13:5C3C
            08 2B 18 18 0A 03
    Processing element 2F with 09 structs at 13:5C42
        Processing struct 00 at 13:5C43
            24 20 2C 06 06 01
        Processing struct 01 at 13:5C49
            05 0D 15 17 09 04
        Processing struct 02 at 13:5C4F
            1D 04 14 0C 17 01
        Processing struct 03 at 13:5C55
            1D 0D 2F 1F 0D 52
        Processing struct 04 at 13:5C5B
            1F 0D 2F 1D 0D 54
        Processing struct 05 at 13:5C61
            1E 16 2F 20 16 51
        Processing struct 06 at 13:5C67
            20 16 2F 1E 16 53
        Processing struct 07 at 13:5C6D
            1B 19 2F 1D 19 52
        Processing struct 08 at 13:5C73
            1D 19 2F 1B 19 54
    Processing element 30 with 04 structs at 13:5C79
        Processing struct 00 at 13:5C7A
            0A 1D 11 0B 04 03
        Processing struct 01 at 13:5C80
            09 0E 31 09 0C 41
        Processing struct 02 at 13:5C86
            0C 0B 33 08 12 41
        Processing struct 03 at 13:5C8C
            10 0B 34 08 0B 41
    Processing element 31 with 02 structs at 13:5C92
        Processing struct 00 at 13:5C93
            09 0C 30 09 0E 43
        Processing struct 01 at 13:5C99
            0A 0C 30 09 0E 43
    Processing element 32 with 00 structs at 13:5C9F
    Processing element 33 with 02 structs at 13:5CA0
        Processing struct 00 at 13:5CA1
            08 12 30 0C 0B 43
        Processing struct 01 at 13:5CA7
            09 12 30 0C 0B 43
    Processing element 34 with 02 structs at 13:5CAD
        Processing struct 00 at 13:5CAE
            08 0B 30 10 0B 43
        Processing struct 01 at 13:5CB4
            09 0B 30 10 0B 43
Processing entry 06 table 13:5E76
    Elements: 19
    Processing element 00 with 11 structs at 13:5EA8
        Processing struct 00 at 13:5EA9
            15 2B 01 07 05 03
        Processing struct 01 at 13:5EAF
            16 2B 01 08 05 03
        Processing struct 02 at 13:5EB5
            17 2B 01 09 05 03
        Processing struct 03 at 13:5EBB
            15 05 11 0B 12 01
        Processing struct 04 at 13:5EC1
            16 05 11 0C 12 01
        Processing struct 05 at 13:5EC7
            17 05 11 0D 12 01
        Processing struct 06 at 13:5ECD
            0D 16 02 08 0C 41
        Processing struct 07 at 13:5ED3
            23 16 03 09 0C 41
        Processing struct 08 at 13:5ED9
            24 16 03 09 0C 41
        Processing struct 09 at 13:5EDF
            1C 1F 04 0A 0F 41
        Processing struct 0A at 13:5EE5
            08 16 05 08 12 41
        Processing struct 0B at 13:5EEB
            09 16 05 09 12 41
        Processing struct 0C at 13:5EF1
            10 1F 06 08 0D 41
        Processing struct 0D at 13:5EF7
            1A 0E 07 09 0F 41
        Processing struct 0E at 13:5EFD
            0B 0E 08 09 0C 41
        Processing struct 0F at 13:5F03
            12 0E 0A 0A 0B 41
        Processing struct 10 at 13:5F09
            20 0E 16 07 0B 41
    Processing element 01 with 03 structs at 13:5F0F
        Processing struct 00 at 13:5F10
            07 05 00 15 2B 01
        Processing struct 01 at 13:5F16
            08 05 00 16 2B 01
        Processing struct 02 at 13:5F1C
            09 05 00 17 2B 01
    Processing element 02 with 02 structs at 13:5F22
        Processing struct 00 at 13:5F23
            08 0C 00 0D 16 43
        Processing struct 01 at 13:5F29
            09 0C 00 0D 16 43
    Processing element 03 with 03 structs at 13:5F2F
        Processing struct 00 at 13:5F30
            08 0C 00 23 16 43
        Processing struct 01 at 13:5F36
            09 0C 00 23 16 43
        Processing struct 02 at 13:5F3C
            0A 0C 00 23 16 43
    Processing element 04 with 03 structs at 13:5F42
        Processing struct 00 at 13:5F43
            09 0F 00 1C 1F 43
        Processing struct 01 at 13:5F49
            0A 0F 00 1C 1F 43
        Processing struct 02 at 13:5F4F
            0B 0F 00 1C 1F 43
    Processing element 05 with 02 structs at 13:5F55
        Processing struct 00 at 13:5F56
            08 12 00 08 16 43
        Processing struct 01 at 13:5F5C
            09 12 00 09 16 43
    Processing element 06 with 02 structs at 13:5F62
        Processing struct 00 at 13:5F63
            08 0D 00 10 1F 43
        Processing struct 01 at 13:5F69
            09 0D 00 10 1F 43
    Processing element 07 with 03 structs at 13:5F6F
        Processing struct 00 at 13:5F70
            08 0F 00 1A 0E 43
        Processing struct 01 at 13:5F76
            09 0F 00 1A 0E 43
        Processing struct 02 at 13:5F7C
            0A 0F 00 1A 0E 43
    Processing element 08 with 02 structs at 13:5F82
        Processing struct 00 at 13:5F83
            09 0C 00 0B 0E 43
        Processing struct 01 at 13:5F89
            0A 0C 00 0B 0E 43
    Processing element 09 with 01 structs at 13:5F8F
        Processing struct 00 at 13:5F90
            09 16 13 1C 0A 11
    Processing element 0A with 03 structs at 13:5F96
        Processing struct 00 at 13:5F97
            09 0B 00 12 0E 43
        Processing struct 01 at 13:5F9D
            0A 0B 00 12 0E 43
        Processing struct 02 at 13:5FA3
            0B 0B 00 12 0E 43
    Processing element 0B with 01 structs at 13:5FA9
        Processing struct 00 at 13:5FAA
            08 0C 15 07 08 13
    Processing element 0C with 06 structs at 13:5FB0
        Processing struct 00 at 13:5FB1
            1A 2D FF 13 61 02
        Processing struct 01 at 13:5FB7
            1A 06 12 1A 08 11
        Processing struct 02 at 13:5FBD
            0E 21 12 0D 22 11
        Processing struct 03 at 13:5FC3
            10 14 13 1A 07 33
        Processing struct 04 at 13:5FC9
            24 14 13 1A 07 33
        Processing struct 05 at 13:5FCF
            1A 27 0C 28 26 34
    Processing element 0D with 02 structs at 13:5FD5
        Processing struct 00 at 13:5FD6
            0A 1A 0F 0B 07 43
        Processing struct 01 at 13:5FDC
            0A 06 0C 1A 2D 01
    Processing element 0E with 02 structs at 13:5FE2
        Processing struct 00 at 13:5FE3
            0A 1A 10 0B 07 43
        Processing struct 01 at 13:5FE9
            0A 06 0C 1A 2D 01
    Processing element 0F with 04 structs at 13:5FEF
        Processing struct 00 at 13:5FF0
            0A 1B 11 0C 08 03
        Processing struct 01 at 13:5FF6
            0B 1B 11 0C 08 03
        Processing struct 02 at 13:5FFC
            0C 1B 11 0C 08 03
        Processing struct 03 at 13:6002
            0B 07 0D 0A 1A 41
    Processing element 10 with 04 structs at 13:6008
        Processing struct 00 at 13:6009
            0A 1B 11 0C 08 03
        Processing struct 01 at 13:600F
            0B 1B 11 0C 08 03
        Processing struct 02 at 13:6015
            0C 1B 11 0C 08 03
        Processing struct 03 at 13:601B
            0B 07 0E 0A 1A 41
    Processing element 11 with 04 structs at 13:6021
        Processing struct 00 at 13:6022
            0B 12 00 15 05 03
        Processing struct 01 at 13:6028
            0C 12 00 16 05 03
        Processing struct 02 at 13:602E
            0D 12 00 17 05 03
        Processing struct 03 at 13:6034
            0C 08 FF 1F 61 02
    Processing element 12 with 06 structs at 13:603A
        Processing struct 00 at 13:603B
            1A 08 0C 1A 06 13
        Processing struct 01 at 13:6041
            0D 22 0C 0E 21 13
        Processing struct 02 at 13:6047
            10 0B 0C 10 0B 23
        Processing struct 03 at 13:604D
            24 0B 0C 24 0B 23
        Processing struct 04 at 13:6053
            1A 04 13 1A 0C 11
        Processing struct 05 at 13:6059
            0D 1E 13 0E 26 11
    Processing element 13 with 0D structs at 13:605F
        Processing struct 00 at 13:6060
            1A 0C 12 1A 04 13
        Processing struct 01 at 13:6066
            0E 26 12 0D 1E 13
        Processing struct 02 at 13:606C
            1A 26 14 1A 28 11
        Processing struct 03 at 13:6072
            1C 0A 09 09 16 13
        Processing struct 04 at 13:6078
            10 0A 12 10 09 23
        Processing struct 05 at 13:607E
            24 0A 12 24 09 23
        Processing struct 06 at 13:6084
            10 08 13 0E 24 33
        Processing struct 07 at 13:608A
            24 08 13 0E 24 33
        Processing struct 08 at 13:6090
            1A 19 13 0E 24 33
        Processing struct 09 at 13:6096
            0C 26 13 24 0E 31
        Processing struct 0A at 13:609C
            10 26 13 26 23 33
        Processing struct 0B at 13:60A2
            25 27 13 1A 1F 33
        Processing struct 0C at 13:60A8
            27 27 13 10 0E 31
    Processing element 14 with 07 structs at 13:60AE
        Processing struct 00 at 13:60AF
            1A 28 13 1A 26 13
        Processing struct 01 at 13:60B5
            10 09 13 10 09 23
        Processing struct 02 at 13:60BB
            24 09 13 24 09 23
        Processing struct 03 at 13:60C1
            10 27 14 2C 18 34
        Processing struct 04 at 13:60C7
            06 15 14 1A 18 33
        Processing struct 05 at 13:60CD
            1A 08 14 06 1A 31
        Processing struct 06 at 13:60D3
            27 23 15 07 15 11
    Processing element 15 with 02 structs at 13:60D9
        Processing struct 00 at 13:60DA
            07 15 14 27 23 13
        Processing struct 01 at 13:60E0
            07 08 0B 08 0C 11
    Processing element 16 with 05 structs at 13:60E6
        Processing struct 00 at 13:60E7
            06 0B 00 20 0E 43
        Processing struct 01 at 13:60ED
            07 0B 00 20 0E 43
        Processing struct 02 at 13:60F3
            08 0B 00 20 0E 43
        Processing struct 03 at 13:60F9
            0E 04 17 0A 0A 41
        Processing struct 04 at 13:60FF
            12 04 18 0A 0A 41
    Processing element 17 with 01 structs at 13:6105
        Processing struct 00 at 13:6106
            0A 0A 16 0E 04 43
    Processing element 18 with 01 structs at 13:610C
        Processing struct 00 at 13:610D
            0A 0A 16 12 04 43
Processing entry 07 table 13:612B
    Elements: 08
    Processing element 00 with 01 structs at 13:613B
        Processing struct 00 at 13:613C
            0C 08 01 0A 18 01
    Processing element 01 with 04 structs at 13:6142
        Processing struct 00 at 13:6143
            09 18 00 0C 08 03
        Processing struct 01 at 13:6149
            0A 18 00 0C 08 03
        Processing struct 02 at 13:614F
            0B 18 00 0C 08 03
        Processing struct 03 at 13:6155
            0A 06 03 15 21 11
    Processing element 02 with 03 structs at 13:615B
        Processing struct 00 at 13:615C
            09 15 05 0A 06 43
        Processing struct 01 at 13:6162
            0A 15 05 0A 06 43
        Processing struct 02 at 13:6168
            0B 15 05 0A 06 43
    Processing element 03 with 03 structs at 13:616E
        Processing struct 00 at 13:616F
            15 21 01 0A 06 13
        Processing struct 01 at 13:6175
            09 0B 04 09 1D 11
        Processing struct 02 at 13:617B
            21 0B 04 21 1D 11
    Processing element 04 with 05 structs at 13:6181
        Processing struct 00 at 13:6182
            09 1D 03 09 0B 13
        Processing struct 01 at 13:6188
            21 1D 03 21 0B 13
        Processing struct 02 at 13:618E
            15 04 05 0A 16 11
        Processing struct 03 at 13:6194
            09 14 06 0A 0E 11
        Processing struct 04 at 13:619A
            21 14 07 08 0E 11
    Processing element 05 with 02 structs at 13:61A0
        Processing struct 00 at 13:61A1
            0A 16 04 15 04 13
        Processing struct 01 at 13:61A7
            0A 06 02 0A 15 41
    Processing element 06 with 01 structs at 13:61AD
        Processing struct 00 at 13:61AE
            0A 0E 04 09 14 13
    Processing element 07 with 01 structs at 13:61B4
        Processing struct 00 at 13:61B5
            08 0E 04 21 14 13
Processing entry 08 table 13:61BB
    Elements: 0F
    Processing element 00 with 02 structs at 13:61D9
        Processing struct 00 at 13:61DA
            0C 0A 01 07 11 41
        Processing struct 01 at 13:61E0
            0A 11 02 13 09 13
    Processing element 01 with 01 structs at 13:61E6
        Processing struct 00 at 13:61E7
            07 11 00 0C 0A 43
    Processing element 02 with 08 structs at 13:61ED
        Processing struct 00 at 13:61EE
            13 09 00 0A 11 11
        Processing struct 01 at 13:61F4
            13 06 02 13 0D 33
        Processing struct 02 at 13:61FA
            0C 13 02 13 0D 33
        Processing struct 03 at 13:6200
            1A 13 02 13 0D 33
        Processing struct 04 at 13:6206
            15 18 02 13 04 33
        Processing struct 05 at 13:620C
            13 1D 02 13 0D 33
        Processing struct 06 at 13:6212
            0A 0B 0D 07 0C 41
        Processing struct 07 at 13:6218
            1C 0B 0E 07 0C 41
    Processing element 03 with 01 structs at 13:621E
        Processing struct 00 at 13:621F
            06 12 0A 12 17 11
    Processing element 04 with 08 structs at 13:6225
        Processing struct 00 at 13:6226
            0B 07 0D 07 05 13
        Processing struct 01 at 13:622C
            19 07 0E 07 05 13
        Processing struct 02 at 13:6232
            12 0B 00 05 0C 33
        Processing struct 03 at 13:6238
            12 07 05 11 04 13
        Processing struct 04 at 13:623E
            0E 1A 04 10 1A 52
        Processing struct 05 at 13:6244
            10 1A 04 0E 1A 54
        Processing struct 06 at 13:624A
            14 1A 04 16 1A 52
        Processing struct 07 at 13:6250
            16 1A 04 14 1A 54
    Processing element 05 with 03 structs at 13:6256
        Processing struct 00 at 13:6257
            11 04 04 12 07 11
        Processing struct 01 at 13:625D
            11 0B 00 05 0C 33
        Processing struct 02 at 13:6263
            11 18 0B 07 0C 41
    Processing element 06 with 17 structs at 13:6269
        Processing struct 00 at 13:626A
            14 15 0B 07 05 13
        Processing struct 01 at 13:6270
            12 12 00 05 0C 33
        Processing struct 02 at 13:6276
            06 08 07 06 05 13
        Processing struct 03 at 13:627C
            1E 08 07 1E 05 13
        Processing struct 04 at 13:6282
            12 0D 07 12 0A 13
        Processing struct 05 at 13:6288
            06 1C 07 05 15 13
        Processing struct 06 at 13:628E
            16 21 07 16 19 13
        Processing struct 07 at 13:6294
            06 26 07 05 1B 13
        Processing struct 08 at 13:629A
            1E 26 07 1F 1B 13
        Processing struct 09 at 13:62A0
            0A 08 07 0A 06 23
        Processing struct 0A at 13:62A6
            0E 0D 07 0E 0A 23
        Processing struct 0B at 13:62AC
            06 12 07 06 0F 23
        Processing struct 0C at 13:62B2
            0E 12 07 0E 0E 23
        Processing struct 0D at 13:62B8
            16 12 07 16 0E 23
        Processing struct 0E at 13:62BE
            10 17 07 10 12 23
        Processing struct 0F at 13:62C4
            16 17 07 14 12 23
        Processing struct 10 at 13:62CA
            0A 1C 07 09 17 23
        Processing struct 11 at 13:62D0
            0E 1C 07 0E 16 23
        Processing struct 12 at 13:62D6
            16 1C 07 16 16 23
        Processing struct 13 at 13:62DC
            12 1F 07 12 18 23
        Processing struct 14 at 13:62E2
            0A 21 07 0B 1B 23
        Processing struct 15 at 13:62E8
            1A 21 07 1A 1A 23
        Processing struct 16 at 13:62EE
            1A 26 07 18 1E 23
    Processing element 07 with 0F structs at 13:62F4
        Processing struct 00 at 13:62F5
            06 05 06 06 08 11
        Processing struct 01 at 13:62FB
            1E 05 06 1E 08 11
        Processing struct 02 at 13:6301
            12 0A 06 12 0D 11
        Processing struct 03 at 13:6307
            05 15 06 06 1C 11
        Processing struct 04 at 13:630D
            16 19 06 16 21 11
        Processing struct 05 at 13:6313
            05 1B 06 06 26 11
        Processing struct 06 at 13:6319
            1F 1B 06 1E 26 11
        Processing struct 07 at 13:631F
            08 0E 06 12 1C 33
        Processing struct 08 at 13:6325
            19 19 06 12 1C 33
        Processing struct 09 at 13:632B
            0F 0A 08 0F 0B 23
        Processing struct 0A at 13:6331
            0D 0E 08 0D 0D 23
        Processing struct 0B at 13:6337
            17 0E 08 17 0D 23
        Processing struct 0C at 13:633D
            0D 16 08 0D 15 23
        Processing struct 0D at 13:6343
            17 16 08 17 16 23
        Processing struct 0E at 13:6349
            19 12 08 17 10 13
    Processing element 08 with 10 structs at 13:634F
        Processing struct 00 at 13:6350
            17 10 07 19 12 11
        Processing struct 01 at 13:6356
            16 1C 00 05 0C 33
        Processing struct 02 at 13:635C
            08 07 08 1A 10 33
        Processing struct 03 at 13:6362
            1A 10 08 08 07 33
        Processing struct 04 at 13:6368
            18 07 08 12 1A 33
        Processing struct 05 at 13:636E
            12 1A 08 18 07 33
        Processing struct 06 at 13:6374
            1D 07 08 0D 11 33
        Processing struct 07 at 13:637A
            0D 11 08 1D 07 33
        Processing struct 08 at 13:6380
            0B 07 06 12 1C 33
        Processing struct 09 at 13:6386
            0A 0C 06 12 1C 33
        Processing struct 0A at 13:638C
            14 0B 06 12 1C 33
        Processing struct 0B at 13:6392
            19 0C 08 1B 0C 52
        Processing struct 0C at 13:6398
            1B 0C 08 19 0C 53
        Processing struct 0D at 13:639E
            08 19 08 0A 19 51
        Processing struct 0E at 13:63A4
            0A 19 08 08 19 54
        Processing struct 0F at 13:63AA
            12 16 0C 07 0C 41
    Processing element 09 with 05 structs at 13:63B0
        Processing struct 00 at 13:63B1
            12 0F 0C 07 04 13
        Processing struct 01 at 13:63B7
            06 06 00 05 0C 33
        Processing struct 02 at 13:63BD
            17 0B 09 19 0B 53
        Processing struct 03 at 13:63C3
            19 0B 09 17 0B 54
        Processing struct 04 at 13:63C9
            06 09 0A 03 08 13
    Processing element 0A with 1B structs at 13:63CF
        Processing struct 00 at 13:63D0
            03 08 09 06 09 11
        Processing struct 01 at 13:63D6
            0A 09 0A 11 1D 33
        Processing struct 02 at 13:63DC
            11 1D 0A 0A 09 33
        Processing struct 03 at 13:63E2
            12 07 0A 1E 0C 33
        Processing struct 04 at 13:63E8
            1E 0C 0A 12 07 33
        Processing struct 05 at 13:63EE
            1E 06 0A 0A 1B 33
        Processing struct 06 at 13:63F4
            0A 1B 0A 1E 06 33
        Processing struct 07 at 13:63FA
            16 06 0A 0A 0F 33
        Processing struct 08 at 13:6400
            0A 0F 0A 16 06 33
        Processing struct 09 at 13:6406
            0A 1E 0A 15 1E 33
        Processing struct 0A at 13:640C
            15 1E 0A 0A 1E 33
        Processing struct 0B at 13:6412
            0A 15 0A 1E 1E 33
        Processing struct 0C at 13:6418
            1E 1E 0A 0A 15 33
        Processing struct 0D at 13:641E
            16 0C 0A 1D 18 33
        Processing struct 0E at 13:6424
            1D 18 0A 16 0C 33
        Processing struct 0F at 13:642A
            15 12 0A 16 18 33
        Processing struct 10 at 13:6430
            16 18 0A 15 12 33
        Processing struct 11 at 13:6436
            19 12 0A 06 15 33
        Processing struct 12 at 13:643C
            06 15 0A 19 12 33
        Processing struct 13 at 13:6442
            06 0F 0A 06 1B 33
        Processing struct 14 at 13:6448
            06 1B 0A 06 0F 33
        Processing struct 15 at 13:644E
            06 12 0A 10 12 33
        Processing struct 16 at 13:6454
            0A 12 0A 10 12 33
        Processing struct 17 at 13:645A
            18 06 0A 0A 06 33
        Processing struct 18 at 13:6460
            18 0C 0A 0A 06 33
        Processing struct 19 at 13:6466
            0F 12 0A 0A 06 33
        Processing struct 1A at 13:646C
            12 17 03 06 12 13
    Processing element 0B with 02 structs at 13:6472
        Processing struct 00 at 13:6473
            07 0C 05 11 18 43
        Processing struct 01 at 13:6479
            07 05 06 14 15 13
    Processing element 0C with 02 structs at 13:647F
        Processing struct 00 at 13:6480
            07 0C 08 12 16 43
        Processing struct 01 at 13:6486
            07 04 09 12 0F 13
    Processing element 0D with 02 structs at 13:648C
        Processing struct 00 at 13:648D
            07 0C 02 0A 0B 43
        Processing struct 01 at 13:6493
            07 05 04 0B 07 13
    Processing element 0E with 02 structs at 13:6499
        Processing struct 00 at 13:649A
            07 0C 02 1C 0B 43
        Processing struct 01 at 13:64A0
            07 05 04 19 07 13
